13-May-2019 09:38:57.938 정보 [main] org.apache.catalina.startup.VersionLoggerListener.log Server version:        Apache Tomcat/8.5.40
13-May-2019 09:38:57.938 정보 [main] org.apache.catalina.startup.VersionLoggerListener.log Server built:          Apr 10 2019 14:31:19 UTC
13-May-2019 09:38:57.938 정보 [main] org.apache.catalina.startup.VersionLoggerListener.log Server number:         8.5.40.0
13-May-2019 09:38:57.938 정보 [main] org.apache.catalina.startup.VersionLoggerListener.log OS Name:               Windows 7
13-May-2019 09:38:57.953 정보 [main] org.apache.catalina.startup.VersionLoggerListener.log OS Version:            6.1
13-May-2019 09:38:57.953 정보 [main] org.apache.catalina.startup.VersionLoggerListener.log Architecture:          amd64
13-May-2019 09:38:57.953 정보 [main] org.apache.catalina.startup.VersionLoggerListener.log Java Home:             C:\Program Files\Java\jdk1.8.0_171\jre
13-May-2019 09:38:57.953 정보 [main] org.apache.catalina.startup.VersionLoggerListener.log JVM Version:           1.8.0_171-b11
13-May-2019 09:38:57.953 정보 [main] org.apache.catalina.startup.VersionLoggerListener.log JVM Vendor:            Oracle Corporation
13-May-2019 09:38:57.953 정보 [main] org.apache.catalina.startup.VersionLoggerListener.log CATALINA_BASE:         C:\Program Files\Java\apache-tomcat-8.5.40
13-May-2019 09:38:57.953 정보 [main] org.apache.catalina.startup.VersionLoggerListener.log CATALINA_HOME:         C:\Program Files\Java\apache-tomcat-8.5.40
13-May-2019 09:38:57.953 정보 [main] org.apache.catalina.startup.VersionLoggerListener.log Command line argument: -Djava.util.logging.config.file=C:\Program Files\Java\apache-tomcat-8.5.40\conf\logging.properties
13-May-2019 09:38:57.953 정보 [main] org.apache.catalina.startup.VersionLoggerListener.log Command line argument: -Djava.util.logging.manager=org.apache.juli.ClassLoaderLogManager
13-May-2019 09:38:57.953 정보 [main] org.apache.catalina.startup.VersionLoggerListener.log Command line argument: -Djdk.tls.ephemeralDHKeySize=2048
13-May-2019 09:38:57.953 정보 [main] org.apache.catalina.startup.VersionLoggerListener.log Command line argument: -Djava.protocol.handler.pkgs=org.apache.catalina.webresources
13-May-2019 09:38:57.953 정보 [main] org.apache.catalina.startup.VersionLoggerListener.log Command line argument: -Dignore.endorsed.dirs=
13-May-2019 09:38:57.969 정보 [main] org.apache.catalina.startup.VersionLoggerListener.log Command line argument: -Dcatalina.base=C:\Program Files\Java\apache-tomcat-8.5.40
13-May-2019 09:38:57.969 정보 [main] org.apache.catalina.startup.VersionLoggerListener.log Command line argument: -Dcatalina.home=C:\Program Files\Java\apache-tomcat-8.5.40
13-May-2019 09:38:57.969 정보 [main] org.apache.catalina.startup.VersionLoggerListener.log Command line argument: -Djava.io.tmpdir=C:\Program Files\Java\apache-tomcat-8.5.40\temp
13-May-2019 09:38:57.969 정보 [main] org.apache.catalina.core.AprLifecycleListener.lifecycleEvent The APR based Apache Tomcat Native library which allows optimal performance in production environments was not found on the java.library.path: [C:\Program Files\Java\jdk1.8.0_171\bin;C:\Windows\Sun\Java\bin;C:\Windows\system32;C:\Windows;C:\ProgramData\Anaconda3;C:\ProgramData\Anaconda3\Library\mingw-w64\bin;C:\ProgramData\Anaconda3\Library\usr\bin;C:\ProgramData\Anaconda3\Library\bin;C:\ProgramData\Anaconda3\Scripts;E:\app\JSLHRD\product\11.2.0\dbhome_1\bin;E:\web_it\jsl_27\php\Apache24\bin;C:\Program Files\MySQL\MySQL Server 5.6\bin;C:\Program Files\Java\jdk1.8.0_171\bin;C:\Program Files (x86)\Common Files\Oracle\Java\javapath;C:\Program Files (x86)\Intel\iCLS Client\;C:\Program Files\Intel\iCLS Client\;C:\Windows\system32;C:\Windows;C:\Windows\System32\Wbem;C:\Windows\System32\WindowsPowerShell\v1.0\;C:\Program Files\Intel\Intel(R) Management Engine Components\DAL;C:\Program Files\Intel\Intel(R) Management Engine Components\IPT;C:\Program Files (x86)\Intel\Intel(R) Management Engine Components\DAL;C:\Program Files (x86)\Intel\Intel(R) Management Engine Components\IPT;C:\Program Files (x86)\MySQL\MySQL Utilities 1.6\;C:\Program Files\Git\cmd;C:\Program Files\PuTTY\;C:\Users\JSLHRD\AppData\Local\Programs\Python\Python37-32\Scripts\;C:\Users\JSLHRD\AppData\Local\Programs\Python\Python37-32\;C:\Users\JSLHRD\AppData\Local\Programs\Microsoft VS Code\bin;C:\Users\JSLHRD\AppData\Local\atom\bin;C:\Users\JSLHRD\AppData\Local\GitHubDesktop\bin;.]
13-May-2019 09:38:58.219 정보 [main] org.apache.coyote.AbstractProtocol.init Initializing ProtocolHandler ["http-nio-8080"]
13-May-2019 09:38:58.328 정보 [main] org.apache.tomcat.util.net.NioSelectorPool.getSharedSelector Using a shared selector for servlet write/read
13-May-2019 09:38:58.375 정보 [main] org.apache.coyote.AbstractProtocol.init Initializing ProtocolHandler ["ajp-nio-8009"]
13-May-2019 09:38:58.390 정보 [main] org.apache.tomcat.util.net.NioSelectorPool.getSharedSelector Using a shared selector for servlet write/read
13-May-2019 09:38:58.390 정보 [main] org.apache.catalina.startup.Catalina.load Initialization processed in 922 ms
13-May-2019 09:38:58.421 정보 [main] org.apache.catalina.core.StandardService.startInternal Starting service [Catalina]
13-May-2019 09:38:58.421 정보 [main] org.apache.catalina.core.StandardEngine.startInternal Starting Servlet Engine: Apache Tomcat/8.5.40
13-May-2019 09:38:58.437 정보 [localhost-startStop-1] org.apache.catalina.startup.HostConfig.deployDirectory Deploying web application directory [C:\Program Files\Java\apache-tomcat-8.5.40\webapps\docs]
13-May-2019 09:38:58.687 정보 [localhost-startStop-1] org.apache.catalina.startup.HostConfig.deployDirectory Deployment of web application directory [C:\Program Files\Java\apache-tomcat-8.5.40\webapps\docs] has finished in [250] ms
13-May-2019 09:38:58.687 정보 [localhost-startStop-1] org.apache.catalina.startup.HostConfig.deployDirectory Deploying web application directory [C:\Program Files\Java\apache-tomcat-8.5.40\webapps\examples]
13-May-2019 09:38:59.030 정보 [localhost-startStop-1] org.apache.catalina.startup.HostConfig.deployDirectory Deployment of web application directory [C:\Program Files\Java\apache-tomcat-8.5.40\webapps\examples] has finished in [343] ms
13-May-2019 09:38:59.045 정보 [localhost-startStop-1] org.apache.catalina.startup.HostConfig.deployDirectory Deploying web application directory [C:\Program Files\Java\apache-tomcat-8.5.40\webapps\host-manager]
13-May-2019 09:38:59.077 정보 [localhost-startStop-1] org.apache.catalina.startup.HostConfig.deployDirectory Deployment of web application directory [C:\Program Files\Java\apache-tomcat-8.5.40\webapps\host-manager] has finished in [32] ms
13-May-2019 09:38:59.077 정보 [localhost-startStop-1] org.apache.catalina.startup.HostConfig.deployDirectory Deploying web application directory [C:\Program Files\Java\apache-tomcat-8.5.40\webapps\manager]
13-May-2019 09:38:59.108 정보 [localhost-startStop-1] org.apache.catalina.startup.HostConfig.deployDirectory Deployment of web application directory [C:\Program Files\Java\apache-tomcat-8.5.40\webapps\manager] has finished in [31] ms
13-May-2019 09:38:59.108 정보 [localhost-startStop-1] org.apache.catalina.startup.HostConfig.deployDirectory Deploying web application directory [C:\Program Files\Java\apache-tomcat-8.5.40\webapps\ROOT]
13-May-2019 09:38:59.123 정보 [localhost-startStop-1] org.apache.catalina.startup.HostConfig.deployDirectory Deployment of web application directory [C:\Program Files\Java\apache-tomcat-8.5.40\webapps\ROOT] has finished in [15] ms
13-May-2019 09:38:59.123 정보 [main] org.apache.coyote.AbstractProtocol.start Starting ProtocolHandler ["http-nio-8080"]
13-May-2019 09:38:59.139 정보 [main] org.apache.coyote.AbstractProtocol.start Starting ProtocolHandler ["ajp-nio-8009"]
13-May-2019 09:38:59.139 정보 [main] org.apache.catalina.startup.Catalina.start Server startup in 751 ms
13-May-2019 10:04:59.994 정보 [main] org.apache.catalina.startup.VersionLoggerListener.log Server version:        Apache Tomcat/8.5.40
13-May-2019 10:05:00.010 정보 [main] org.apache.catalina.startup.VersionLoggerListener.log Server built:          Apr 10 2019 14:31:19 UTC
13-May-2019 10:05:00.010 정보 [main] org.apache.catalina.startup.VersionLoggerListener.log Server number:         8.5.40.0
13-May-2019 10:05:00.010 정보 [main] org.apache.catalina.startup.VersionLoggerListener.log OS Name:               Windows 7
13-May-2019 10:05:00.026 정보 [main] org.apache.catalina.startup.VersionLoggerListener.log OS Version:            6.1
13-May-2019 10:05:00.026 정보 [main] org.apache.catalina.startup.VersionLoggerListener.log Architecture:          amd64
13-May-2019 10:05:00.026 정보 [main] org.apache.catalina.startup.VersionLoggerListener.log Java Home:             C:\Program Files\Java\jdk1.8.0_171\jre
13-May-2019 10:05:00.026 정보 [main] org.apache.catalina.startup.VersionLoggerListener.log JVM Version:           1.8.0_171-b11
13-May-2019 10:05:00.026 정보 [main] org.apache.catalina.startup.VersionLoggerListener.log JVM Vendor:            Oracle Corporation
13-May-2019 10:05:00.026 정보 [main] org.apache.catalina.startup.VersionLoggerListener.log CATALINA_BASE:         C:\Program Files\Java\apache-tomcat-8.5.40
13-May-2019 10:05:00.026 정보 [main] org.apache.catalina.startup.VersionLoggerListener.log CATALINA_HOME:         C:\Program Files\Java\apache-tomcat-8.5.40
13-May-2019 10:05:00.026 정보 [main] org.apache.catalina.startup.VersionLoggerListener.log Command line argument: -Djava.util.logging.config.file=C:\Program Files\Java\apache-tomcat-8.5.40\conf\logging.properties
13-May-2019 10:05:00.041 정보 [main] org.apache.catalina.startup.VersionLoggerListener.log Command line argument: -Djava.util.logging.manager=org.apache.juli.ClassLoaderLogManager
13-May-2019 10:05:00.041 정보 [main] org.apache.catalina.startup.VersionLoggerListener.log Command line argument: -Djdk.tls.ephemeralDHKeySize=2048
13-May-2019 10:05:00.041 정보 [main] org.apache.catalina.startup.VersionLoggerListener.log Command line argument: -Djava.protocol.handler.pkgs=org.apache.catalina.webresources
13-May-2019 10:05:00.041 정보 [main] org.apache.catalina.startup.VersionLoggerListener.log Command line argument: -Dignore.endorsed.dirs=
13-May-2019 10:05:00.041 정보 [main] org.apache.catalina.startup.VersionLoggerListener.log Command line argument: -Dcatalina.base=C:\Program Files\Java\apache-tomcat-8.5.40
13-May-2019 10:05:00.041 정보 [main] org.apache.catalina.startup.VersionLoggerListener.log Command line argument: -Dcatalina.home=C:\Program Files\Java\apache-tomcat-8.5.40
13-May-2019 10:05:00.041 정보 [main] org.apache.catalina.startup.VersionLoggerListener.log Command line argument: -Djava.io.tmpdir=C:\Program Files\Java\apache-tomcat-8.5.40\temp
13-May-2019 10:05:00.041 정보 [main] org.apache.catalina.core.AprLifecycleListener.lifecycleEvent The APR based Apache Tomcat Native library which allows optimal performance in production environments was not found on the java.library.path: [C:\Program Files\Java\jdk1.8.0_171\bin;C:\Windows\Sun\Java\bin;C:\Windows\system32;C:\Windows;E:\app\JSLHRD\product\11.2.0\dbhome_1\bin;E:\web_it\jsl_27\php\Apache24\bin;C:\Program Files\MySQL\MySQL Server 5.6\bin;C:\Program Files\Java\jdk1.8.0_171\bin;C:\Program Files (x86)\Common Files\Oracle\Java\javapath;C:\Program Files (x86)\Intel\iCLS Client\;C:\Program Files\Intel\iCLS Client\;C:\Windows\system32;C:\Windows;C:\Windows\System32\Wbem;C:\Windows\System32\WindowsPowerShell\v1.0\;C:\Program Files\Intel\Intel(R) Management Engine Components\DAL;C:\Program Files\Intel\Intel(R) Management Engine Components\IPT;C:\Program Files (x86)\Intel\Intel(R) Management Engine Components\DAL;C:\Program Files (x86)\Intel\Intel(R) Management Engine Components\IPT;C:\Program Files (x86)\MySQL\MySQL Utilities 1.6\;C:\Program Files\Git\cmd;C:\Program Files\PuTTY\;C:\Users\JSLHRD\AppData\Local\Programs\Python\Python37-32\Scripts\;C:\Users\JSLHRD\AppData\Local\Programs\Python\Python37-32\;C:\Users\JSLHRD\AppData\Local\Programs\Microsoft VS Code\bin;C:\Users\JSLHRD\AppData\Local\GitHubDesktop\bin;.]
13-May-2019 10:05:00.260 정보 [main] org.apache.coyote.AbstractProtocol.init Initializing ProtocolHandler ["http-nio-8080"]
13-May-2019 10:05:00.478 정보 [main] org.apache.tomcat.util.net.NioSelectorPool.getSharedSelector Using a shared selector for servlet write/read
13-May-2019 10:05:00.509 정보 [main] org.apache.coyote.AbstractProtocol.init Initializing ProtocolHandler ["ajp-nio-8009"]
13-May-2019 10:05:00.525 정보 [main] org.apache.tomcat.util.net.NioSelectorPool.getSharedSelector Using a shared selector for servlet write/read
13-May-2019 10:05:00.525 정보 [main] org.apache.catalina.startup.Catalina.load Initialization processed in 983 ms
13-May-2019 10:05:00.540 정보 [main] org.apache.catalina.core.StandardService.startInternal Starting service [Catalina]
13-May-2019 10:05:00.556 정보 [main] org.apache.catalina.core.StandardEngine.startInternal Starting Servlet Engine: Apache Tomcat/8.5.40
13-May-2019 10:05:00.572 정보 [localhost-startStop-1] org.apache.catalina.startup.HostConfig.deployDirectory Deploying web application directory [C:\Program Files\Java\apache-tomcat-8.5.40\webapps\docs]
13-May-2019 10:05:00.837 정보 [localhost-startStop-1] org.apache.catalina.startup.HostConfig.deployDirectory Deployment of web application directory [C:\Program Files\Java\apache-tomcat-8.5.40\webapps\docs] has finished in [265] ms
13-May-2019 10:05:00.837 정보 [localhost-startStop-1] org.apache.catalina.startup.HostConfig.deployDirectory Deploying web application directory [C:\Program Files\Java\apache-tomcat-8.5.40\webapps\examples]
13-May-2019 10:05:01.180 정보 [localhost-startStop-1] org.apache.catalina.startup.HostConfig.deployDirectory Deployment of web application directory [C:\Program Files\Java\apache-tomcat-8.5.40\webapps\examples] has finished in [343] ms
13-May-2019 10:05:01.180 정보 [localhost-startStop-1] org.apache.catalina.startup.HostConfig.deployDirectory Deploying web application directory [C:\Program Files\Java\apache-tomcat-8.5.40\webapps\host-manager]
13-May-2019 10:05:01.227 정보 [localhost-startStop-1] org.apache.catalina.startup.HostConfig.deployDirectory Deployment of web application directory [C:\Program Files\Java\apache-tomcat-8.5.40\webapps\host-manager] has finished in [47] ms
13-May-2019 10:05:01.227 정보 [localhost-startStop-1] org.apache.catalina.startup.HostConfig.deployDirectory Deploying web application directory [C:\Program Files\Java\apache-tomcat-8.5.40\webapps\manager]
13-May-2019 10:05:01.242 정보 [localhost-startStop-1] org.apache.catalina.startup.HostConfig.deployDirectory Deployment of web application directory [C:\Program Files\Java\apache-tomcat-8.5.40\webapps\manager] has finished in [15] ms
13-May-2019 10:05:01.258 정보 [localhost-startStop-1] org.apache.catalina.startup.HostConfig.deployDirectory Deploying web application directory [C:\Program Files\Java\apache-tomcat-8.5.40\webapps\ROOT]
13-May-2019 10:05:01.274 정보 [localhost-startStop-1] org.apache.catalina.startup.HostConfig.deployDirectory Deployment of web application directory [C:\Program Files\Java\apache-tomcat-8.5.40\webapps\ROOT] has finished in [16] ms
13-May-2019 10:05:01.289 정보 [main] org.apache.coyote.AbstractProtocol.start Starting ProtocolHandler ["http-nio-8080"]
13-May-2019 10:05:01.289 정보 [main] org.apache.coyote.AbstractProtocol.start Starting ProtocolHandler ["ajp-nio-8009"]
13-May-2019 10:05:01.305 정보 [main] org.apache.catalina.startup.Catalina.start Server startup in 780 ms
13-May-2019 10:20:33.893 정보 [main] org.apache.catalina.startup.VersionLoggerListener.log Server version:        Apache Tomcat/8.5.40
13-May-2019 10:20:33.908 정보 [main] org.apache.catalina.startup.VersionLoggerListener.log Server built:          Apr 10 2019 14:31:19 UTC
13-May-2019 10:20:33.908 정보 [main] org.apache.catalina.startup.VersionLoggerListener.log Server number:         8.5.40.0
13-May-2019 10:20:33.908 정보 [main] org.apache.catalina.startup.VersionLoggerListener.log OS Name:               Windows 7
13-May-2019 10:20:33.908 정보 [main] org.apache.catalina.startup.VersionLoggerListener.log OS Version:            6.1
13-May-2019 10:20:33.908 정보 [main] org.apache.catalina.startup.VersionLoggerListener.log Architecture:          amd64
13-May-2019 10:20:33.908 정보 [main] org.apache.catalina.startup.VersionLoggerListener.log Java Home:             C:\Program Files\Java\jdk1.8.0_171\jre
13-May-2019 10:20:33.908 정보 [main] org.apache.catalina.startup.VersionLoggerListener.log JVM Version:           1.8.0_171-b11
13-May-2019 10:20:33.908 정보 [main] org.apache.catalina.startup.VersionLoggerListener.log JVM Vendor:            Oracle Corporation
13-May-2019 10:20:33.908 정보 [main] org.apache.catalina.startup.VersionLoggerListener.log CATALINA_BASE:         C:\Program Files\Java\apache-tomcat-8.5.40
13-May-2019 10:20:33.908 정보 [main] org.apache.catalina.startup.VersionLoggerListener.log CATALINA_HOME:         C:\Program Files\Java\apache-tomcat-8.5.40
13-May-2019 10:20:33.908 정보 [main] org.apache.catalina.startup.VersionLoggerListener.log Command line argument: -Djava.util.logging.config.file=C:\Program Files\Java\apache-tomcat-8.5.40\conf\logging.properties
13-May-2019 10:20:33.908 정보 [main] org.apache.catalina.startup.VersionLoggerListener.log Command line argument: -Djava.util.logging.manager=org.apache.juli.ClassLoaderLogManager
13-May-2019 10:20:33.908 정보 [main] org.apache.catalina.startup.VersionLoggerListener.log Command line argument: -Djdk.tls.ephemeralDHKeySize=2048
13-May-2019 10:20:33.924 정보 [main] org.apache.catalina.startup.VersionLoggerListener.log Command line argument: -Djava.protocol.handler.pkgs=org.apache.catalina.webresources
13-May-2019 10:20:33.924 정보 [main] org.apache.catalina.startup.VersionLoggerListener.log Command line argument: -Dignore.endorsed.dirs=
13-May-2019 10:20:33.924 정보 [main] org.apache.catalina.startup.VersionLoggerListener.log Command line argument: -Dcatalina.base=C:\Program Files\Java\apache-tomcat-8.5.40
13-May-2019 10:20:33.924 정보 [main] org.apache.catalina.startup.VersionLoggerListener.log Command line argument: -Dcatalina.home=C:\Program Files\Java\apache-tomcat-8.5.40
13-May-2019 10:20:33.924 정보 [main] org.apache.catalina.startup.VersionLoggerListener.log Command line argument: -Djava.io.tmpdir=C:\Program Files\Java\apache-tomcat-8.5.40\temp
13-May-2019 10:20:33.924 정보 [main] org.apache.catalina.core.AprLifecycleListener.lifecycleEvent The APR based Apache Tomcat Native library which allows optimal performance in production environments was not found on the java.library.path: [C:\Program Files\Java\jdk1.8.0_171\bin;C:\Windows\Sun\Java\bin;C:\Windows\system32;C:\Windows;E:\app\JSLHRD\product\11.2.0\dbhome_1\bin;E:\web_it\jsl_27\php\Apache24\bin;C:\Program Files\MySQL\MySQL Server 5.6\bin;C:\Program Files\Java\jdk1.8.0_171\bin;C:\Program Files (x86)\Common Files\Oracle\Java\javapath;C:\Program Files (x86)\Intel\iCLS Client\;C:\Program Files\Intel\iCLS Client\;C:\Windows\system32;C:\Windows;C:\Windows\System32\Wbem;C:\Windows\System32\WindowsPowerShell\v1.0\;C:\Program Files\Intel\Intel(R) Management Engine Components\DAL;C:\Program Files\Intel\Intel(R) Management Engine Components\IPT;C:\Program Files (x86)\Intel\Intel(R) Management Engine Components\DAL;C:\Program Files (x86)\Intel\Intel(R) Management Engine Components\IPT;C:\Program Files (x86)\MySQL\MySQL Utilities 1.6\;C:\Program Files\Git\cmd;C:\Program Files\PuTTY\;C:\Users\JSLHRD\AppData\Local\Programs\Python\Python37-32\Scripts\;C:\Users\JSLHRD\AppData\Local\Programs\Python\Python37-32\;C:\Users\JSLHRD\AppData\Local\Programs\Microsoft VS Code\bin;C:\Users\JSLHRD\AppData\Local\GitHubDesktop\bin;.]
13-May-2019 10:20:34.080 정보 [main] org.apache.coyote.AbstractProtocol.init Initializing ProtocolHandler ["http-nio-8080"]
13-May-2019 10:20:34.174 정보 [main] org.apache.tomcat.util.net.NioSelectorPool.getSharedSelector Using a shared selector for servlet write/read
13-May-2019 10:20:34.205 정보 [main] org.apache.coyote.AbstractProtocol.init Initializing ProtocolHandler ["ajp-nio-8009"]
13-May-2019 10:20:34.205 정보 [main] org.apache.tomcat.util.net.NioSelectorPool.getSharedSelector Using a shared selector for servlet write/read
13-May-2019 10:20:34.220 정보 [main] org.apache.catalina.startup.Catalina.load Initialization processed in 740 ms
13-May-2019 10:20:34.236 정보 [main] org.apache.catalina.core.StandardService.startInternal Starting service [Catalina]
13-May-2019 10:20:34.236 정보 [main] org.apache.catalina.core.StandardEngine.startInternal Starting Servlet Engine: Apache Tomcat/8.5.40
13-May-2019 10:20:34.267 정보 [localhost-startStop-1] org.apache.catalina.startup.HostConfig.deployDirectory Deploying web application directory [C:\Program Files\Java\apache-tomcat-8.5.40\webapps\docs]
13-May-2019 10:20:34.501 정보 [localhost-startStop-1] org.apache.catalina.startup.HostConfig.deployDirectory Deployment of web application directory [C:\Program Files\Java\apache-tomcat-8.5.40\webapps\docs] has finished in [234] ms
13-May-2019 10:20:34.501 정보 [localhost-startStop-1] org.apache.catalina.startup.HostConfig.deployDirectory Deploying web application directory [C:\Program Files\Java\apache-tomcat-8.5.40\webapps\examples]
13-May-2019 10:20:34.813 정보 [localhost-startStop-1] org.apache.catalina.startup.HostConfig.deployDirectory Deployment of web application directory [C:\Program Files\Java\apache-tomcat-8.5.40\webapps\examples] has finished in [312] ms
13-May-2019 10:20:34.813 정보 [localhost-startStop-1] org.apache.catalina.startup.HostConfig.deployDirectory Deploying web application directory [C:\Program Files\Java\apache-tomcat-8.5.40\webapps\host-manager]
13-May-2019 10:20:34.860 정보 [localhost-startStop-1] org.apache.catalina.startup.HostConfig.deployDirectory Deployment of web application directory [C:\Program Files\Java\apache-tomcat-8.5.40\webapps\host-manager] has finished in [47] ms
13-May-2019 10:20:34.860 정보 [localhost-startStop-1] org.apache.catalina.startup.HostConfig.deployDirectory Deploying web application directory [C:\Program Files\Java\apache-tomcat-8.5.40\webapps\manager]
13-May-2019 10:20:34.891 정보 [localhost-startStop-1] org.apache.catalina.startup.HostConfig.deployDirectory Deployment of web application directory [C:\Program Files\Java\apache-tomcat-8.5.40\webapps\manager] has finished in [31] ms
13-May-2019 10:20:34.891 정보 [localhost-startStop-1] org.apache.catalina.startup.HostConfig.deployDirectory Deploying web application directory [C:\Program Files\Java\apache-tomcat-8.5.40\webapps\ROOT]
13-May-2019 10:20:34.922 정보 [localhost-startStop-1] org.apache.catalina.startup.HostConfig.deployDirectory Deployment of web application directory [C:\Program Files\Java\apache-tomcat-8.5.40\webapps\ROOT] has finished in [31] ms
13-May-2019 10:20:34.922 정보 [main] org.apache.coyote.AbstractProtocol.start Starting ProtocolHandler ["http-nio-8080"]
13-May-2019 10:20:34.938 정보 [main] org.apache.coyote.AbstractProtocol.start Starting ProtocolHandler ["ajp-nio-8009"]
13-May-2019 10:20:34.938 정보 [main] org.apache.catalina.startup.Catalina.start Server startup in 719 ms
