08-Jul-2019 11:27:43.217 경고 [main] org.apache.tomcat.util.digester.Digester.endElement   No rules found matching 'Server/Service/Engine/Host/Resource'.
08-Jul-2019 11:27:43.233 정보 [main] org.apache.catalina.startup.VersionLoggerListener.log Server version:        Apache Tomcat/8.5.40
08-Jul-2019 11:27:43.233 정보 [main] org.apache.catalina.startup.VersionLoggerListener.log Server built:          Apr 10 2019 14:31:19 UTC
08-Jul-2019 11:27:43.233 정보 [main] org.apache.catalina.startup.VersionLoggerListener.log Server number:         8.5.40.0
08-Jul-2019 11:27:43.233 정보 [main] org.apache.catalina.startup.VersionLoggerListener.log OS Name:               Windows 7
08-Jul-2019 11:27:43.233 정보 [main] org.apache.catalina.startup.VersionLoggerListener.log OS Version:            6.1
08-Jul-2019 11:27:43.233 정보 [main] org.apache.catalina.startup.VersionLoggerListener.log Architecture:          amd64
08-Jul-2019 11:27:43.233 정보 [main] org.apache.catalina.startup.VersionLoggerListener.log Java Home:             C:\Program Files\Java\jdk1.8.0_171\jre
08-Jul-2019 11:27:43.233 정보 [main] org.apache.catalina.startup.VersionLoggerListener.log JVM Version:           1.8.0_171-b11
08-Jul-2019 11:27:43.233 정보 [main] org.apache.catalina.startup.VersionLoggerListener.log JVM Vendor:            Oracle Corporation
08-Jul-2019 11:27:43.233 정보 [main] org.apache.catalina.startup.VersionLoggerListener.log CATALINA_BASE:         C:\Program Files\Java\apache-tomcat-8.5.40
08-Jul-2019 11:27:43.233 정보 [main] org.apache.catalina.startup.VersionLoggerListener.log CATALINA_HOME:         C:\Program Files\Java\apache-tomcat-8.5.40
08-Jul-2019 11:27:43.233 정보 [main] org.apache.catalina.startup.VersionLoggerListener.log Command line argument: -Djava.util.logging.config.file=C:\Program Files\Java\apache-tomcat-8.5.40\conf\logging.properties
08-Jul-2019 11:27:43.233 정보 [main] org.apache.catalina.startup.VersionLoggerListener.log Command line argument: -Djava.util.logging.manager=org.apache.juli.ClassLoaderLogManager
08-Jul-2019 11:27:43.233 정보 [main] org.apache.catalina.startup.VersionLoggerListener.log Command line argument: -Djdk.tls.ephemeralDHKeySize=2048
08-Jul-2019 11:27:43.233 정보 [main] org.apache.catalina.startup.VersionLoggerListener.log Command line argument: -Djava.protocol.handler.pkgs=org.apache.catalina.webresources
08-Jul-2019 11:27:43.233 정보 [main] org.apache.catalina.startup.VersionLoggerListener.log Command line argument: -Dignore.endorsed.dirs=
08-Jul-2019 11:27:43.233 정보 [main] org.apache.catalina.startup.VersionLoggerListener.log Command line argument: -Dcatalina.base=C:\Program Files\Java\apache-tomcat-8.5.40
08-Jul-2019 11:27:43.233 정보 [main] org.apache.catalina.startup.VersionLoggerListener.log Command line argument: -Dcatalina.home=C:\Program Files\Java\apache-tomcat-8.5.40
08-Jul-2019 11:27:43.233 정보 [main] org.apache.catalina.startup.VersionLoggerListener.log Command line argument: -Djava.io.tmpdir=C:\Program Files\Java\apache-tomcat-8.5.40\temp
08-Jul-2019 11:27:43.249 정보 [main] org.apache.catalina.core.AprLifecycleListener.lifecycleEvent The APR based Apache Tomcat Native library which allows optimal performance in production environments was not found on the java.library.path: [C:\Program Files\Java\jdk1.8.0_171\bin;C:\Windows\Sun\Java\bin;C:\Windows\system32;C:\Windows;E:\app\JSLHRD\product\11.2.0\dbhome_1\bin;E:\web_it\jsl_27\php\Apache24\bin;C:\Program Files\MySQL\MySQL Server 5.6\bin;C:\Program Files\Java\jdk1.8.0_171\bin;C:\Program Files (x86)\Common Files\Oracle\Java\javapath;C:\Program Files (x86)\Intel\iCLS Client\;C:\Program Files\Intel\iCLS Client\;C:\Windows\system32;C:\Windows;C:\Windows\System32\Wbem;C:\Windows\System32\WindowsPowerShell\v1.0\;C:\Program Files\Intel\Intel(R) Management Engine Components\DAL;C:\Program Files\Intel\Intel(R) Management Engine Components\IPT;C:\Program Files (x86)\Intel\Intel(R) Management Engine Components\DAL;C:\Program Files (x86)\Intel\Intel(R) Management Engine Components\IPT;C:\Program Files (x86)\MySQL\MySQL Utilities 1.6\;C:\Program Files\Git\cmd;C:\Program Files\PuTTY\;C:\Users\JSLHRD\AppData\Local\Programs\Python\Python37-32\Scripts\;C:\Users\JSLHRD\AppData\Local\Programs\Python\Python37-32\;C:\Users\JSLHRD\AppData\Local\Programs\Microsoft VS Code\bin;C:\Users\JSLHRD\AppData\Local\GitHubDesktop\bin;.]
08-Jul-2019 11:27:43.405 정보 [main] org.apache.coyote.AbstractProtocol.init Initializing ProtocolHandler ["http-nio-8080"]
08-Jul-2019 11:27:43.514 정보 [main] org.apache.tomcat.util.net.NioSelectorPool.getSharedSelector Using a shared selector for servlet write/read
08-Jul-2019 11:27:43.529 정보 [main] org.apache.coyote.AbstractProtocol.init Initializing ProtocolHandler ["ajp-nio-8009"]
08-Jul-2019 11:27:43.545 정보 [main] org.apache.tomcat.util.net.NioSelectorPool.getSharedSelector Using a shared selector for servlet write/read
08-Jul-2019 11:27:43.545 정보 [main] org.apache.catalina.startup.Catalina.load Initialization processed in 740 ms
08-Jul-2019 11:27:43.561 정보 [main] org.apache.catalina.core.StandardService.startInternal Starting service [Catalina]
08-Jul-2019 11:27:43.561 정보 [main] org.apache.catalina.core.StandardEngine.startInternal Starting Servlet Engine: Apache Tomcat/8.5.40
08-Jul-2019 11:27:43.592 정보 [localhost-startStop-1] org.apache.catalina.startup.HostConfig.deployWAR Deploying web application archive [C:\Program Files\Java\apache-tomcat-8.5.40\webapps\JDBC_0614.war]
08-Jul-2019 11:27:44.325 정보 [localhost-startStop-1] org.apache.jasper.servlet.TldScanner.scanJars At least one JAR was scanned for TLDs yet contained no TLDs. Enable debug logging for this logger for a complete list of JARs that were scanned but no TLDs were found in them. Skipping unneeded JARs during scanning can improve startup time and JSP compilation time.
08-Jul-2019 11:27:44.372 정보 [localhost-startStop-1] org.apache.catalina.startup.HostConfig.deployWAR Deployment of web application archive [C:\Program Files\Java\apache-tomcat-8.5.40\webapps\JDBC_0614.war] has finished in [780] ms
08-Jul-2019 11:27:44.372 정보 [localhost-startStop-1] org.apache.catalina.startup.HostConfig.deployWAR Deploying web application archive [C:\Program Files\Java\apache-tomcat-8.5.40\webapps\WebMVC.war]
08-Jul-2019 11:27:44.777 정보 [localhost-startStop-1] org.apache.jasper.servlet.TldScanner.scanJars At least one JAR was scanned for TLDs yet contained no TLDs. Enable debug logging for this logger for a complete list of JARs that were scanned but no TLDs were found in them. Skipping unneeded JARs during scanning can improve startup time and JSP compilation time.
08-Jul-2019 11:27:44.840 정보 [localhost-startStop-1] org.apache.catalina.startup.HostConfig.deployWAR Deployment of web application archive [C:\Program Files\Java\apache-tomcat-8.5.40\webapps\WebMVC.war] has finished in [468] ms
08-Jul-2019 11:27:44.840 정보 [localhost-startStop-1] org.apache.catalina.startup.HostConfig.deployDirectory Deploying web application directory [C:\Program Files\Java\apache-tomcat-8.5.40\webapps\docs]
08-Jul-2019 11:27:44.871 정보 [localhost-startStop-1] org.apache.catalina.startup.HostConfig.deployDirectory Deployment of web application directory [C:\Program Files\Java\apache-tomcat-8.5.40\webapps\docs] has finished in [31] ms
08-Jul-2019 11:27:44.871 정보 [localhost-startStop-1] org.apache.catalina.startup.HostConfig.deployDirectory Deploying web application directory [C:\Program Files\Java\apache-tomcat-8.5.40\webapps\examples]
08-Jul-2019 11:27:45.089 정보 [localhost-startStop-1] org.apache.catalina.startup.HostConfig.deployDirectory Deployment of web application directory [C:\Program Files\Java\apache-tomcat-8.5.40\webapps\examples] has finished in [218] ms
08-Jul-2019 11:27:45.105 정보 [localhost-startStop-1] org.apache.catalina.startup.HostConfig.deployDirectory Deploying web application directory [C:\Program Files\Java\apache-tomcat-8.5.40\webapps\host-manager]
08-Jul-2019 11:27:45.136 정보 [localhost-startStop-1] org.apache.catalina.startup.HostConfig.deployDirectory Deployment of web application directory [C:\Program Files\Java\apache-tomcat-8.5.40\webapps\host-manager] has finished in [31] ms
08-Jul-2019 11:27:45.136 정보 [localhost-startStop-1] org.apache.catalina.startup.HostConfig.deployDirectory Deploying web application directory [C:\Program Files\Java\apache-tomcat-8.5.40\webapps\manager]
08-Jul-2019 11:27:45.183 정보 [localhost-startStop-1] org.apache.catalina.startup.HostConfig.deployDirectory Deployment of web application directory [C:\Program Files\Java\apache-tomcat-8.5.40\webapps\manager] has finished in [47] ms
08-Jul-2019 11:27:45.183 정보 [localhost-startStop-1] org.apache.catalina.startup.HostConfig.deployDirectory Deploying web application directory [C:\Program Files\Java\apache-tomcat-8.5.40\webapps\ROOT]
08-Jul-2019 11:27:45.199 정보 [localhost-startStop-1] org.apache.catalina.startup.HostConfig.deployDirectory Deployment of web application directory [C:\Program Files\Java\apache-tomcat-8.5.40\webapps\ROOT] has finished in [16] ms
08-Jul-2019 11:27:45.230 정보 [main] org.apache.coyote.AbstractProtocol.start Starting ProtocolHandler ["http-nio-8080"]
08-Jul-2019 11:27:45.230 정보 [main] org.apache.coyote.AbstractProtocol.start Starting ProtocolHandler ["ajp-nio-8009"]
08-Jul-2019 11:27:45.245 정보 [main] org.apache.catalina.startup.Catalina.start Server startup in 1696 ms
08-Jul-2019 11:34:51.121 경고 [main] org.apache.tomcat.util.digester.Digester.endElement   No rules found matching 'Server/Service/Engine/Host/Resource'.
08-Jul-2019 11:34:51.121 정보 [main] org.apache.catalina.startup.VersionLoggerListener.log Server version:        Apache Tomcat/8.5.40
08-Jul-2019 11:34:51.136 정보 [main] org.apache.catalina.startup.VersionLoggerListener.log Server built:          Apr 10 2019 14:31:19 UTC
08-Jul-2019 11:34:51.136 정보 [main] org.apache.catalina.startup.VersionLoggerListener.log Server number:         8.5.40.0
08-Jul-2019 11:34:51.136 정보 [main] org.apache.catalina.startup.VersionLoggerListener.log OS Name:               Windows 7
08-Jul-2019 11:34:51.136 정보 [main] org.apache.catalina.startup.VersionLoggerListener.log OS Version:            6.1
08-Jul-2019 11:34:51.136 정보 [main] org.apache.catalina.startup.VersionLoggerListener.log Architecture:          amd64
08-Jul-2019 11:34:51.136 정보 [main] org.apache.catalina.startup.VersionLoggerListener.log Java Home:             C:\Program Files\Java\jdk1.8.0_171\jre
08-Jul-2019 11:34:51.136 정보 [main] org.apache.catalina.startup.VersionLoggerListener.log JVM Version:           1.8.0_171-b11
08-Jul-2019 11:34:51.136 정보 [main] org.apache.catalina.startup.VersionLoggerListener.log JVM Vendor:            Oracle Corporation
08-Jul-2019 11:34:51.136 정보 [main] org.apache.catalina.startup.VersionLoggerListener.log CATALINA_BASE:         C:\Program Files\Java\apache-tomcat-8.5.40
08-Jul-2019 11:34:51.136 정보 [main] org.apache.catalina.startup.VersionLoggerListener.log CATALINA_HOME:         C:\Program Files\Java\apache-tomcat-8.5.40
08-Jul-2019 11:34:51.136 정보 [main] org.apache.catalina.startup.VersionLoggerListener.log Command line argument: -Djava.util.logging.config.file=C:\Program Files\Java\apache-tomcat-8.5.40\conf\logging.properties
08-Jul-2019 11:34:51.136 정보 [main] org.apache.catalina.startup.VersionLoggerListener.log Command line argument: -Djava.util.logging.manager=org.apache.juli.ClassLoaderLogManager
08-Jul-2019 11:34:51.136 정보 [main] org.apache.catalina.startup.VersionLoggerListener.log Command line argument: -Djdk.tls.ephemeralDHKeySize=2048
08-Jul-2019 11:34:51.136 정보 [main] org.apache.catalina.startup.VersionLoggerListener.log Command line argument: -Djava.protocol.handler.pkgs=org.apache.catalina.webresources
08-Jul-2019 11:34:51.152 정보 [main] org.apache.catalina.startup.VersionLoggerListener.log Command line argument: -Dignore.endorsed.dirs=
08-Jul-2019 11:34:51.152 정보 [main] org.apache.catalina.startup.VersionLoggerListener.log Command line argument: -Dcatalina.base=C:\Program Files\Java\apache-tomcat-8.5.40
08-Jul-2019 11:34:51.152 정보 [main] org.apache.catalina.startup.VersionLoggerListener.log Command line argument: -Dcatalina.home=C:\Program Files\Java\apache-tomcat-8.5.40
08-Jul-2019 11:34:51.152 정보 [main] org.apache.catalina.startup.VersionLoggerListener.log Command line argument: -Djava.io.tmpdir=C:\Program Files\Java\apache-tomcat-8.5.40\temp
08-Jul-2019 11:34:51.152 정보 [main] org.apache.catalina.core.AprLifecycleListener.lifecycleEvent The APR based Apache Tomcat Native library which allows optimal performance in production environments was not found on the java.library.path: [C:\Program Files\Java\jdk1.8.0_171\bin;C:\Windows\Sun\Java\bin;C:\Windows\system32;C:\Windows;E:\app\JSLHRD\product\11.2.0\dbhome_1\bin;E:\web_it\jsl_27\php\Apache24\bin;C:\Program Files\MySQL\MySQL Server 5.6\bin;C:\Program Files\Java\jdk1.8.0_171\bin;C:\Program Files (x86)\Common Files\Oracle\Java\javapath;C:\Program Files (x86)\Intel\iCLS Client\;C:\Program Files\Intel\iCLS Client\;C:\Windows\system32;C:\Windows;C:\Windows\System32\Wbem;C:\Windows\System32\WindowsPowerShell\v1.0\;C:\Program Files\Intel\Intel(R) Management Engine Components\DAL;C:\Program Files\Intel\Intel(R) Management Engine Components\IPT;C:\Program Files (x86)\Intel\Intel(R) Management Engine Components\DAL;C:\Program Files (x86)\Intel\Intel(R) Management Engine Components\IPT;C:\Program Files (x86)\MySQL\MySQL Utilities 1.6\;C:\Program Files\Git\cmd;C:\Program Files\PuTTY\;C:\Users\JSLHRD\AppData\Local\Programs\Python\Python37-32\Scripts\;C:\Users\JSLHRD\AppData\Local\Programs\Python\Python37-32\;C:\Users\JSLHRD\AppData\Local\Programs\Microsoft VS Code\bin;C:\Users\JSLHRD\AppData\Local\GitHubDesktop\bin;.]
08-Jul-2019 11:34:51.323 정보 [main] org.apache.coyote.AbstractProtocol.init Initializing ProtocolHandler ["http-nio-8080"]
08-Jul-2019 11:34:51.448 정보 [main] org.apache.tomcat.util.net.NioSelectorPool.getSharedSelector Using a shared selector for servlet write/read
08-Jul-2019 11:34:51.479 정보 [main] org.apache.coyote.AbstractProtocol.init Initializing ProtocolHandler ["ajp-nio-8009"]
08-Jul-2019 11:34:51.495 정보 [main] org.apache.tomcat.util.net.NioSelectorPool.getSharedSelector Using a shared selector for servlet write/read
08-Jul-2019 11:34:51.495 정보 [main] org.apache.catalina.startup.Catalina.load Initialization processed in 772 ms
08-Jul-2019 11:34:51.511 정보 [main] org.apache.catalina.core.StandardService.startInternal Starting service [Catalina]
08-Jul-2019 11:34:51.511 정보 [main] org.apache.catalina.core.StandardEngine.startInternal Starting Servlet Engine: Apache Tomcat/8.5.40
08-Jul-2019 11:34:51.542 정보 [localhost-startStop-1] org.apache.catalina.startup.HostConfig.deployWAR Deploying web application archive [C:\Program Files\Java\apache-tomcat-8.5.40\webapps\WebMVC.war]
08-Jul-2019 11:34:52.275 정보 [localhost-startStop-1] org.apache.jasper.servlet.TldScanner.scanJars At least one JAR was scanned for TLDs yet contained no TLDs. Enable debug logging for this logger for a complete list of JARs that were scanned but no TLDs were found in them. Skipping unneeded JARs during scanning can improve startup time and JSP compilation time.
08-Jul-2019 11:34:52.369 정보 [localhost-startStop-1] org.apache.catalina.startup.HostConfig.deployWAR Deployment of web application archive [C:\Program Files\Java\apache-tomcat-8.5.40\webapps\WebMVC.war] has finished in [827] ms
08-Jul-2019 11:34:52.369 정보 [localhost-startStop-1] org.apache.catalina.startup.HostConfig.deployDirectory Deploying web application directory [C:\Program Files\Java\apache-tomcat-8.5.40\webapps\docs]
08-Jul-2019 11:34:52.415 정보 [localhost-startStop-1] org.apache.catalina.startup.HostConfig.deployDirectory Deployment of web application directory [C:\Program Files\Java\apache-tomcat-8.5.40\webapps\docs] has finished in [46] ms
08-Jul-2019 11:34:52.415 정보 [localhost-startStop-1] org.apache.catalina.startup.HostConfig.deployDirectory Deploying web application directory [C:\Program Files\Java\apache-tomcat-8.5.40\webapps\examples]
08-Jul-2019 11:34:52.649 정보 [localhost-startStop-1] org.apache.catalina.startup.HostConfig.deployDirectory Deployment of web application directory [C:\Program Files\Java\apache-tomcat-8.5.40\webapps\examples] has finished in [234] ms
08-Jul-2019 11:34:52.649 정보 [localhost-startStop-1] org.apache.catalina.startup.HostConfig.deployDirectory Deploying web application directory [C:\Program Files\Java\apache-tomcat-8.5.40\webapps\host-manager]
08-Jul-2019 11:34:52.681 정보 [localhost-startStop-1] org.apache.catalina.startup.HostConfig.deployDirectory Deployment of web application directory [C:\Program Files\Java\apache-tomcat-8.5.40\webapps\host-manager] has finished in [32] ms
08-Jul-2019 11:34:52.681 정보 [localhost-startStop-1] org.apache.catalina.startup.HostConfig.deployDirectory Deploying web application directory [C:\Program Files\Java\apache-tomcat-8.5.40\webapps\JDBC_0614]
08-Jul-2019 11:34:53.008 정보 [localhost-startStop-1] org.apache.jasper.servlet.TldScanner.scanJars At least one JAR was scanned for TLDs yet contained no TLDs. Enable debug logging for this logger for a complete list of JARs that were scanned but no TLDs were found in them. Skipping unneeded JARs during scanning can improve startup time and JSP compilation time.
08-Jul-2019 11:34:53.039 정보 [localhost-startStop-1] org.apache.catalina.startup.HostConfig.deployDirectory Deployment of web application directory [C:\Program Files\Java\apache-tomcat-8.5.40\webapps\JDBC_0614] has finished in [358] ms
08-Jul-2019 11:34:53.039 정보 [localhost-startStop-1] org.apache.catalina.startup.HostConfig.deployDirectory Deploying web application directory [C:\Program Files\Java\apache-tomcat-8.5.40\webapps\manager]
08-Jul-2019 11:34:53.071 정보 [localhost-startStop-1] org.apache.catalina.startup.HostConfig.deployDirectory Deployment of web application directory [C:\Program Files\Java\apache-tomcat-8.5.40\webapps\manager] has finished in [32] ms
08-Jul-2019 11:34:53.071 정보 [localhost-startStop-1] org.apache.catalina.startup.HostConfig.deployDirectory Deploying web application directory [C:\Program Files\Java\apache-tomcat-8.5.40\webapps\ROOT]
08-Jul-2019 11:34:53.086 정보 [localhost-startStop-1] org.apache.catalina.startup.HostConfig.deployDirectory Deployment of web application directory [C:\Program Files\Java\apache-tomcat-8.5.40\webapps\ROOT] has finished in [15] ms
08-Jul-2019 11:34:53.102 정보 [main] org.apache.coyote.AbstractProtocol.start Starting ProtocolHandler ["http-nio-8080"]
08-Jul-2019 11:34:53.102 정보 [main] org.apache.coyote.AbstractProtocol.start Starting ProtocolHandler ["ajp-nio-8009"]
08-Jul-2019 11:34:53.117 정보 [main] org.apache.catalina.startup.Catalina.start Server startup in 1619 ms
08-Jul-2019 11:38:50.946 경고 [main] org.apache.tomcat.util.digester.Digester.endElement   No rules found matching 'Server/Service/Engine/Host/Resource'.
08-Jul-2019 11:38:50.962 정보 [main] org.apache.catalina.startup.VersionLoggerListener.log Server version:        Apache Tomcat/8.5.40
08-Jul-2019 11:38:50.962 정보 [main] org.apache.catalina.startup.VersionLoggerListener.log Server built:          Apr 10 2019 14:31:19 UTC
08-Jul-2019 11:38:50.962 정보 [main] org.apache.catalina.startup.VersionLoggerListener.log Server number:         8.5.40.0
08-Jul-2019 11:38:50.962 정보 [main] org.apache.catalina.startup.VersionLoggerListener.log OS Name:               Windows 7
08-Jul-2019 11:38:50.962 정보 [main] org.apache.catalina.startup.VersionLoggerListener.log OS Version:            6.1
08-Jul-2019 11:38:50.962 정보 [main] org.apache.catalina.startup.VersionLoggerListener.log Architecture:          amd64
08-Jul-2019 11:38:50.962 정보 [main] org.apache.catalina.startup.VersionLoggerListener.log Java Home:             C:\Program Files\Java\jdk1.8.0_171\jre
08-Jul-2019 11:38:50.962 정보 [main] org.apache.catalina.startup.VersionLoggerListener.log JVM Version:           1.8.0_171-b11
08-Jul-2019 11:38:50.962 정보 [main] org.apache.catalina.startup.VersionLoggerListener.log JVM Vendor:            Oracle Corporation
08-Jul-2019 11:38:50.962 정보 [main] org.apache.catalina.startup.VersionLoggerListener.log CATALINA_BASE:         C:\Program Files\Java\apache-tomcat-8.5.40
08-Jul-2019 11:38:50.962 정보 [main] org.apache.catalina.startup.VersionLoggerListener.log CATALINA_HOME:         C:\Program Files\Java\apache-tomcat-8.5.40
08-Jul-2019 11:38:50.962 정보 [main] org.apache.catalina.startup.VersionLoggerListener.log Command line argument: -Djava.util.logging.config.file=C:\Program Files\Java\apache-tomcat-8.5.40\conf\logging.properties
08-Jul-2019 11:38:50.962 정보 [main] org.apache.catalina.startup.VersionLoggerListener.log Command line argument: -Djava.util.logging.manager=org.apache.juli.ClassLoaderLogManager
08-Jul-2019 11:38:50.962 정보 [main] org.apache.catalina.startup.VersionLoggerListener.log Command line argument: -Djdk.tls.ephemeralDHKeySize=2048
08-Jul-2019 11:38:50.962 정보 [main] org.apache.catalina.startup.VersionLoggerListener.log Command line argument: -Djava.protocol.handler.pkgs=org.apache.catalina.webresources
08-Jul-2019 11:38:50.962 정보 [main] org.apache.catalina.startup.VersionLoggerListener.log Command line argument: -Dignore.endorsed.dirs=
08-Jul-2019 11:38:50.962 정보 [main] org.apache.catalina.startup.VersionLoggerListener.log Command line argument: -Dcatalina.base=C:\Program Files\Java\apache-tomcat-8.5.40
08-Jul-2019 11:38:50.977 정보 [main] org.apache.catalina.startup.VersionLoggerListener.log Command line argument: -Dcatalina.home=C:\Program Files\Java\apache-tomcat-8.5.40
08-Jul-2019 11:38:50.977 정보 [main] org.apache.catalina.startup.VersionLoggerListener.log Command line argument: -Djava.io.tmpdir=C:\Program Files\Java\apache-tomcat-8.5.40\temp
08-Jul-2019 11:38:50.977 정보 [main] org.apache.catalina.core.AprLifecycleListener.lifecycleEvent The APR based Apache Tomcat Native library which allows optimal performance in production environments was not found on the java.library.path: [C:\Program Files\Java\jdk1.8.0_171\bin;C:\Windows\Sun\Java\bin;C:\Windows\system32;C:\Windows;E:\app\JSLHRD\product\11.2.0\dbhome_1\bin;E:\web_it\jsl_27\php\Apache24\bin;C:\Program Files\MySQL\MySQL Server 5.6\bin;C:\Program Files\Java\jdk1.8.0_171\bin;C:\Program Files (x86)\Common Files\Oracle\Java\javapath;C:\Program Files (x86)\Intel\iCLS Client\;C:\Program Files\Intel\iCLS Client\;C:\Windows\system32;C:\Windows;C:\Windows\System32\Wbem;C:\Windows\System32\WindowsPowerShell\v1.0\;C:\Program Files\Intel\Intel(R) Management Engine Components\DAL;C:\Program Files\Intel\Intel(R) Management Engine Components\IPT;C:\Program Files (x86)\Intel\Intel(R) Management Engine Components\DAL;C:\Program Files (x86)\Intel\Intel(R) Management Engine Components\IPT;C:\Program Files (x86)\MySQL\MySQL Utilities 1.6\;C:\Program Files\Git\cmd;C:\Program Files\PuTTY\;C:\Users\JSLHRD\AppData\Local\Programs\Python\Python37-32\Scripts\;C:\Users\JSLHRD\AppData\Local\Programs\Python\Python37-32\;C:\Users\JSLHRD\AppData\Local\Programs\Microsoft VS Code\bin;C:\Users\JSLHRD\AppData\Local\GitHubDesktop\bin;.]
08-Jul-2019 11:38:51.149 정보 [main] org.apache.coyote.AbstractProtocol.init Initializing ProtocolHandler ["http-nio-8080"]
08-Jul-2019 11:38:51.274 정보 [main] org.apache.tomcat.util.net.NioSelectorPool.getSharedSelector Using a shared selector for servlet write/read
08-Jul-2019 11:38:51.336 정보 [main] org.apache.coyote.AbstractProtocol.init Initializing ProtocolHandler ["ajp-nio-8009"]
08-Jul-2019 11:38:51.336 정보 [main] org.apache.tomcat.util.net.NioSelectorPool.getSharedSelector Using a shared selector for servlet write/read
08-Jul-2019 11:38:51.336 정보 [main] org.apache.catalina.startup.Catalina.load Initialization processed in 745 ms
08-Jul-2019 11:38:51.352 정보 [main] org.apache.catalina.core.StandardService.startInternal Starting service [Catalina]
08-Jul-2019 11:38:51.352 정보 [main] org.apache.catalina.core.StandardEngine.startInternal Starting Servlet Engine: Apache Tomcat/8.5.40
08-Jul-2019 11:38:51.383 정보 [localhost-startStop-1] org.apache.catalina.startup.HostConfig.deployWAR Deploying web application archive [C:\Program Files\Java\apache-tomcat-8.5.40\webapps\WebMVC.war]
08-Jul-2019 11:38:51.399 정보 [localhost-startStop-1] org.apache.catalina.startup.ExpandWar.expand An expanded directory [C:\Program Files\Java\apache-tomcat-8.5.40\webapps\WebMVC] was found with a last modified time that did not match the associated WAR. It will be deleted.
08-Jul-2019 11:38:52.163 정보 [localhost-startStop-1] org.apache.jasper.servlet.TldScanner.scanJars At least one JAR was scanned for TLDs yet contained no TLDs. Enable debug logging for this logger for a complete list of JARs that were scanned but no TLDs were found in them. Skipping unneeded JARs during scanning can improve startup time and JSP compilation time.
08-Jul-2019 11:38:52.257 정보 [localhost-startStop-1] org.apache.catalina.startup.HostConfig.deployWAR Deployment of web application archive [C:\Program Files\Java\apache-tomcat-8.5.40\webapps\WebMVC.war] has finished in [874] ms
08-Jul-2019 11:38:52.272 정보 [localhost-startStop-1] org.apache.catalina.startup.HostConfig.deployDirectory Deploying web application directory [C:\Program Files\Java\apache-tomcat-8.5.40\webapps\docs]
08-Jul-2019 11:38:52.288 정보 [localhost-startStop-1] org.apache.catalina.startup.HostConfig.deployDirectory Deployment of web application directory [C:\Program Files\Java\apache-tomcat-8.5.40\webapps\docs] has finished in [16] ms
08-Jul-2019 11:38:52.303 정보 [localhost-startStop-1] org.apache.catalina.startup.HostConfig.deployDirectory Deploying web application directory [C:\Program Files\Java\apache-tomcat-8.5.40\webapps\examples]
08-Jul-2019 11:38:52.522 정보 [localhost-startStop-1] org.apache.catalina.startup.HostConfig.deployDirectory Deployment of web application directory [C:\Program Files\Java\apache-tomcat-8.5.40\webapps\examples] has finished in [219] ms
08-Jul-2019 11:38:52.537 정보 [localhost-startStop-1] org.apache.catalina.startup.HostConfig.deployDirectory Deploying web application directory [C:\Program Files\Java\apache-tomcat-8.5.40\webapps\host-manager]
08-Jul-2019 11:38:52.553 정보 [localhost-startStop-1] org.apache.catalina.startup.HostConfig.deployDirectory Deployment of web application directory [C:\Program Files\Java\apache-tomcat-8.5.40\webapps\host-manager] has finished in [16] ms
08-Jul-2019 11:38:52.569 정보 [localhost-startStop-1] org.apache.catalina.startup.HostConfig.deployDirectory Deploying web application directory [C:\Program Files\Java\apache-tomcat-8.5.40\webapps\JDBC_0614]
08-Jul-2019 11:38:52.865 정보 [localhost-startStop-1] org.apache.jasper.servlet.TldScanner.scanJars At least one JAR was scanned for TLDs yet contained no TLDs. Enable debug logging for this logger for a complete list of JARs that were scanned but no TLDs were found in them. Skipping unneeded JARs during scanning can improve startup time and JSP compilation time.
08-Jul-2019 11:38:52.881 정보 [localhost-startStop-1] org.apache.catalina.startup.HostConfig.deployDirectory Deployment of web application directory [C:\Program Files\Java\apache-tomcat-8.5.40\webapps\JDBC_0614] has finished in [328] ms
08-Jul-2019 11:38:52.881 정보 [localhost-startStop-1] org.apache.catalina.startup.HostConfig.deployDirectory Deploying web application directory [C:\Program Files\Java\apache-tomcat-8.5.40\webapps\manager]
08-Jul-2019 11:38:52.927 정보 [localhost-startStop-1] org.apache.catalina.startup.HostConfig.deployDirectory Deployment of web application directory [C:\Program Files\Java\apache-tomcat-8.5.40\webapps\manager] has finished in [46] ms
08-Jul-2019 11:38:52.927 정보 [localhost-startStop-1] org.apache.catalina.startup.HostConfig.deployDirectory Deploying web application directory [C:\Program Files\Java\apache-tomcat-8.5.40\webapps\ROOT]
08-Jul-2019 11:38:52.943 정보 [localhost-startStop-1] org.apache.catalina.startup.HostConfig.deployDirectory Deployment of web application directory [C:\Program Files\Java\apache-tomcat-8.5.40\webapps\ROOT] has finished in [16] ms
08-Jul-2019 11:38:52.974 정보 [main] org.apache.coyote.AbstractProtocol.start Starting ProtocolHandler ["http-nio-8080"]
08-Jul-2019 11:38:52.974 정보 [main] org.apache.coyote.AbstractProtocol.start Starting ProtocolHandler ["ajp-nio-8009"]
08-Jul-2019 11:38:52.974 정보 [main] org.apache.catalina.startup.Catalina.start Server startup in 1640 ms
08-Jul-2019 11:48:51.911 경고 [main] org.apache.tomcat.util.digester.Digester.endElement   No rules found matching 'Server/Service/Engine/Host/Resource'.
08-Jul-2019 11:48:51.927 정보 [main] org.apache.catalina.startup.VersionLoggerListener.log Server version:        Apache Tomcat/8.5.40
08-Jul-2019 11:48:51.927 정보 [main] org.apache.catalina.startup.VersionLoggerListener.log Server built:          Apr 10 2019 14:31:19 UTC
08-Jul-2019 11:48:51.927 정보 [main] org.apache.catalina.startup.VersionLoggerListener.log Server number:         8.5.40.0
08-Jul-2019 11:48:51.927 정보 [main] org.apache.catalina.startup.VersionLoggerListener.log OS Name:               Windows 7
08-Jul-2019 11:48:51.927 정보 [main] org.apache.catalina.startup.VersionLoggerListener.log OS Version:            6.1
08-Jul-2019 11:48:51.927 정보 [main] org.apache.catalina.startup.VersionLoggerListener.log Architecture:          amd64
08-Jul-2019 11:48:51.927 정보 [main] org.apache.catalina.startup.VersionLoggerListener.log Java Home:             C:\Program Files\Java\jdk1.8.0_171\jre
08-Jul-2019 11:48:51.927 정보 [main] org.apache.catalina.startup.VersionLoggerListener.log JVM Version:           1.8.0_171-b11
08-Jul-2019 11:48:51.927 정보 [main] org.apache.catalina.startup.VersionLoggerListener.log JVM Vendor:            Oracle Corporation
08-Jul-2019 11:48:51.942 정보 [main] org.apache.catalina.startup.VersionLoggerListener.log CATALINA_BASE:         C:\Program Files\Java\apache-tomcat-8.5.40
08-Jul-2019 11:48:51.942 정보 [main] org.apache.catalina.startup.VersionLoggerListener.log CATALINA_HOME:         C:\Program Files\Java\apache-tomcat-8.5.40
08-Jul-2019 11:48:51.942 정보 [main] org.apache.catalina.startup.VersionLoggerListener.log Command line argument: -Djava.util.logging.config.file=C:\Program Files\Java\apache-tomcat-8.5.40\conf\logging.properties
08-Jul-2019 11:48:51.942 정보 [main] org.apache.catalina.startup.VersionLoggerListener.log Command line argument: -Djava.util.logging.manager=org.apache.juli.ClassLoaderLogManager
08-Jul-2019 11:48:51.942 정보 [main] org.apache.catalina.startup.VersionLoggerListener.log Command line argument: -Djdk.tls.ephemeralDHKeySize=2048
08-Jul-2019 11:48:51.942 정보 [main] org.apache.catalina.startup.VersionLoggerListener.log Command line argument: -Djava.protocol.handler.pkgs=org.apache.catalina.webresources
08-Jul-2019 11:48:51.942 정보 [main] org.apache.catalina.startup.VersionLoggerListener.log Command line argument: -Dignore.endorsed.dirs=
08-Jul-2019 11:48:51.942 정보 [main] org.apache.catalina.startup.VersionLoggerListener.log Command line argument: -Dcatalina.base=C:\Program Files\Java\apache-tomcat-8.5.40
08-Jul-2019 11:48:51.942 정보 [main] org.apache.catalina.startup.VersionLoggerListener.log Command line argument: -Dcatalina.home=C:\Program Files\Java\apache-tomcat-8.5.40
08-Jul-2019 11:48:51.942 정보 [main] org.apache.catalina.startup.VersionLoggerListener.log Command line argument: -Djava.io.tmpdir=C:\Program Files\Java\apache-tomcat-8.5.40\temp
08-Jul-2019 11:48:51.958 정보 [main] org.apache.catalina.core.AprLifecycleListener.lifecycleEvent The APR based Apache Tomcat Native library which allows optimal performance in production environments was not found on the java.library.path: [C:\Program Files\Java\jdk1.8.0_171\bin;C:\Windows\Sun\Java\bin;C:\Windows\system32;C:\Windows;E:\app\JSLHRD\product\11.2.0\dbhome_1\bin;E:\web_it\jsl_27\php\Apache24\bin;C:\Program Files\MySQL\MySQL Server 5.6\bin;C:\Program Files\Java\jdk1.8.0_171\bin;C:\Program Files (x86)\Common Files\Oracle\Java\javapath;C:\Program Files (x86)\Intel\iCLS Client\;C:\Program Files\Intel\iCLS Client\;C:\Windows\system32;C:\Windows;C:\Windows\System32\Wbem;C:\Windows\System32\WindowsPowerShell\v1.0\;C:\Program Files\Intel\Intel(R) Management Engine Components\DAL;C:\Program Files\Intel\Intel(R) Management Engine Components\IPT;C:\Program Files (x86)\Intel\Intel(R) Management Engine Components\DAL;C:\Program Files (x86)\Intel\Intel(R) Management Engine Components\IPT;C:\Program Files (x86)\MySQL\MySQL Utilities 1.6\;C:\Program Files\Git\cmd;C:\Program Files\PuTTY\;C:\Users\JSLHRD\AppData\Local\Programs\Python\Python37-32\Scripts\;C:\Users\JSLHRD\AppData\Local\Programs\Python\Python37-32\;C:\Users\JSLHRD\AppData\Local\Programs\Microsoft VS Code\bin;C:\Users\JSLHRD\AppData\Local\GitHubDesktop\bin;.]
08-Jul-2019 11:48:52.129 정보 [main] org.apache.coyote.AbstractProtocol.init Initializing ProtocolHandler ["http-nio-8080"]
08-Jul-2019 11:48:52.301 정보 [main] org.apache.tomcat.util.net.NioSelectorPool.getSharedSelector Using a shared selector for servlet write/read
08-Jul-2019 11:48:52.332 정보 [main] org.apache.coyote.AbstractProtocol.init Initializing ProtocolHandler ["ajp-nio-8009"]
08-Jul-2019 11:48:52.348 정보 [main] org.apache.tomcat.util.net.NioSelectorPool.getSharedSelector Using a shared selector for servlet write/read
08-Jul-2019 11:48:52.348 정보 [main] org.apache.catalina.startup.Catalina.load Initialization processed in 801 ms
08-Jul-2019 11:48:52.363 정보 [main] org.apache.catalina.core.StandardService.startInternal Starting service [Catalina]
08-Jul-2019 11:48:52.379 정보 [main] org.apache.catalina.core.StandardEngine.startInternal Starting Servlet Engine: Apache Tomcat/8.5.40
08-Jul-2019 11:48:52.395 정보 [localhost-startStop-1] org.apache.catalina.startup.HostConfig.deployWAR Deploying web application archive [C:\Program Files\Java\apache-tomcat-8.5.40\webapps\WebMVC.war]
08-Jul-2019 11:48:52.426 정보 [localhost-startStop-1] org.apache.catalina.startup.ExpandWar.expand An expanded directory [C:\Program Files\Java\apache-tomcat-8.5.40\webapps\WebMVC] was found with a last modified time that did not match the associated WAR. It will be deleted.
08-Jul-2019 11:48:53.221 정보 [localhost-startStop-1] org.apache.jasper.servlet.TldScanner.scanJars At least one JAR was scanned for TLDs yet contained no TLDs. Enable debug logging for this logger for a complete list of JARs that were scanned but no TLDs were found in them. Skipping unneeded JARs during scanning can improve startup time and JSP compilation time.
08-Jul-2019 11:48:53.331 정보 [localhost-startStop-1] org.apache.catalina.startup.HostConfig.deployWAR Deployment of web application archive [C:\Program Files\Java\apache-tomcat-8.5.40\webapps\WebMVC.war] has finished in [936] ms
08-Jul-2019 11:48:53.331 정보 [localhost-startStop-1] org.apache.catalina.startup.HostConfig.deployDirectory Deploying web application directory [C:\Program Files\Java\apache-tomcat-8.5.40\webapps\docs]
08-Jul-2019 11:48:53.362 정보 [localhost-startStop-1] org.apache.catalina.startup.HostConfig.deployDirectory Deployment of web application directory [C:\Program Files\Java\apache-tomcat-8.5.40\webapps\docs] has finished in [31] ms
08-Jul-2019 11:48:53.362 정보 [localhost-startStop-1] org.apache.catalina.startup.HostConfig.deployDirectory Deploying web application directory [C:\Program Files\Java\apache-tomcat-8.5.40\webapps\examples]
08-Jul-2019 11:48:53.611 정보 [localhost-startStop-1] org.apache.catalina.startup.HostConfig.deployDirectory Deployment of web application directory [C:\Program Files\Java\apache-tomcat-8.5.40\webapps\examples] has finished in [249] ms
08-Jul-2019 11:48:53.611 정보 [localhost-startStop-1] org.apache.catalina.startup.HostConfig.deployDirectory Deploying web application directory [C:\Program Files\Java\apache-tomcat-8.5.40\webapps\host-manager]
08-Jul-2019 11:48:53.627 정보 [localhost-startStop-1] org.apache.catalina.startup.HostConfig.deployDirectory Deployment of web application directory [C:\Program Files\Java\apache-tomcat-8.5.40\webapps\host-manager] has finished in [16] ms
08-Jul-2019 11:48:53.627 정보 [localhost-startStop-1] org.apache.catalina.startup.HostConfig.deployDirectory Deploying web application directory [C:\Program Files\Java\apache-tomcat-8.5.40\webapps\JDBC_0614]
08-Jul-2019 11:48:53.986 정보 [localhost-startStop-1] org.apache.jasper.servlet.TldScanner.scanJars At least one JAR was scanned for TLDs yet contained no TLDs. Enable debug logging for this logger for a complete list of JARs that were scanned but no TLDs were found in them. Skipping unneeded JARs during scanning can improve startup time and JSP compilation time.
08-Jul-2019 11:48:54.017 정보 [localhost-startStop-1] org.apache.catalina.startup.HostConfig.deployDirectory Deployment of web application directory [C:\Program Files\Java\apache-tomcat-8.5.40\webapps\JDBC_0614] has finished in [390] ms
08-Jul-2019 11:48:54.017 정보 [localhost-startStop-1] org.apache.catalina.startup.HostConfig.deployDirectory Deploying web application directory [C:\Program Files\Java\apache-tomcat-8.5.40\webapps\manager]
08-Jul-2019 11:48:54.048 정보 [localhost-startStop-1] org.apache.catalina.startup.HostConfig.deployDirectory Deployment of web application directory [C:\Program Files\Java\apache-tomcat-8.5.40\webapps\manager] has finished in [31] ms
08-Jul-2019 11:48:54.048 정보 [localhost-startStop-1] org.apache.catalina.startup.HostConfig.deployDirectory Deploying web application directory [C:\Program Files\Java\apache-tomcat-8.5.40\webapps\ROOT]
08-Jul-2019 11:48:54.064 정보 [localhost-startStop-1] org.apache.catalina.startup.HostConfig.deployDirectory Deployment of web application directory [C:\Program Files\Java\apache-tomcat-8.5.40\webapps\ROOT] has finished in [16] ms
08-Jul-2019 11:48:54.095 정보 [main] org.apache.coyote.AbstractProtocol.start Starting ProtocolHandler ["http-nio-8080"]
08-Jul-2019 11:48:54.095 정보 [main] org.apache.coyote.AbstractProtocol.start Starting ProtocolHandler ["ajp-nio-8009"]
08-Jul-2019 11:48:54.111 정보 [main] org.apache.catalina.startup.Catalina.start Server startup in 1759 ms
08-Jul-2019 11:55:06.153 경고 [main] org.apache.tomcat.util.digester.Digester.endElement   No rules found matching 'Server/Service/Engine/Host/Resource'.
08-Jul-2019 11:55:06.153 정보 [main] org.apache.catalina.startup.VersionLoggerListener.log Server version:        Apache Tomcat/8.5.40
08-Jul-2019 11:55:06.168 정보 [main] org.apache.catalina.startup.VersionLoggerListener.log Server built:          Apr 10 2019 14:31:19 UTC
08-Jul-2019 11:55:06.168 정보 [main] org.apache.catalina.startup.VersionLoggerListener.log Server number:         8.5.40.0
08-Jul-2019 11:55:06.168 정보 [main] org.apache.catalina.startup.VersionLoggerListener.log OS Name:               Windows 7
08-Jul-2019 11:55:06.168 정보 [main] org.apache.catalina.startup.VersionLoggerListener.log OS Version:            6.1
08-Jul-2019 11:55:06.168 정보 [main] org.apache.catalina.startup.VersionLoggerListener.log Architecture:          amd64
08-Jul-2019 11:55:06.168 정보 [main] org.apache.catalina.startup.VersionLoggerListener.log Java Home:             C:\Program Files\Java\jdk1.8.0_171\jre
08-Jul-2019 11:55:06.168 정보 [main] org.apache.catalina.startup.VersionLoggerListener.log JVM Version:           1.8.0_171-b11
08-Jul-2019 11:55:06.168 정보 [main] org.apache.catalina.startup.VersionLoggerListener.log JVM Vendor:            Oracle Corporation
08-Jul-2019 11:55:06.168 정보 [main] org.apache.catalina.startup.VersionLoggerListener.log CATALINA_BASE:         C:\Program Files\Java\apache-tomcat-8.5.40
08-Jul-2019 11:55:06.168 정보 [main] org.apache.catalina.startup.VersionLoggerListener.log CATALINA_HOME:         C:\Program Files\Java\apache-tomcat-8.5.40
08-Jul-2019 11:55:06.168 정보 [main] org.apache.catalina.startup.VersionLoggerListener.log Command line argument: -Djava.util.logging.config.file=C:\Program Files\Java\apache-tomcat-8.5.40\conf\logging.properties
08-Jul-2019 11:55:06.168 정보 [main] org.apache.catalina.startup.VersionLoggerListener.log Command line argument: -Djava.util.logging.manager=org.apache.juli.ClassLoaderLogManager
08-Jul-2019 11:55:06.168 정보 [main] org.apache.catalina.startup.VersionLoggerListener.log Command line argument: -Djdk.tls.ephemeralDHKeySize=2048
08-Jul-2019 11:55:06.168 정보 [main] org.apache.catalina.startup.VersionLoggerListener.log Command line argument: -Djava.protocol.handler.pkgs=org.apache.catalina.webresources
08-Jul-2019 11:55:06.168 정보 [main] org.apache.catalina.startup.VersionLoggerListener.log Command line argument: -Dignore.endorsed.dirs=
08-Jul-2019 11:55:06.168 정보 [main] org.apache.catalina.startup.VersionLoggerListener.log Command line argument: -Dcatalina.base=C:\Program Files\Java\apache-tomcat-8.5.40
08-Jul-2019 11:55:06.168 정보 [main] org.apache.catalina.startup.VersionLoggerListener.log Command line argument: -Dcatalina.home=C:\Program Files\Java\apache-tomcat-8.5.40
08-Jul-2019 11:55:06.168 정보 [main] org.apache.catalina.startup.VersionLoggerListener.log Command line argument: -Djava.io.tmpdir=C:\Program Files\Java\apache-tomcat-8.5.40\temp
08-Jul-2019 11:55:06.168 정보 [main] org.apache.catalina.core.AprLifecycleListener.lifecycleEvent The APR based Apache Tomcat Native library which allows optimal performance in production environments was not found on the java.library.path: [C:\Program Files\Java\jdk1.8.0_171\bin;C:\Windows\Sun\Java\bin;C:\Windows\system32;C:\Windows;E:\app\JSLHRD\product\11.2.0\dbhome_1\bin;E:\web_it\jsl_27\php\Apache24\bin;C:\Program Files\MySQL\MySQL Server 5.6\bin;C:\Program Files\Java\jdk1.8.0_171\bin;C:\Program Files (x86)\Common Files\Oracle\Java\javapath;C:\Program Files (x86)\Intel\iCLS Client\;C:\Program Files\Intel\iCLS Client\;C:\Windows\system32;C:\Windows;C:\Windows\System32\Wbem;C:\Windows\System32\WindowsPowerShell\v1.0\;C:\Program Files\Intel\Intel(R) Management Engine Components\DAL;C:\Program Files\Intel\Intel(R) Management Engine Components\IPT;C:\Program Files (x86)\Intel\Intel(R) Management Engine Components\DAL;C:\Program Files (x86)\Intel\Intel(R) Management Engine Components\IPT;C:\Program Files (x86)\MySQL\MySQL Utilities 1.6\;C:\Program Files\Git\cmd;C:\Program Files\PuTTY\;C:\Users\JSLHRD\AppData\Local\Programs\Python\Python37-32\Scripts\;C:\Users\JSLHRD\AppData\Local\Programs\Python\Python37-32\;C:\Users\JSLHRD\AppData\Local\Programs\Microsoft VS Code\bin;C:\Users\JSLHRD\AppData\Local\GitHubDesktop\bin;.]
08-Jul-2019 11:55:06.356 정보 [main] org.apache.coyote.AbstractProtocol.init Initializing ProtocolHandler ["http-nio-8080"]
08-Jul-2019 11:55:06.449 정보 [main] org.apache.tomcat.util.net.NioSelectorPool.getSharedSelector Using a shared selector for servlet write/read
08-Jul-2019 11:55:06.496 정보 [main] org.apache.coyote.AbstractProtocol.init Initializing ProtocolHandler ["ajp-nio-8009"]
08-Jul-2019 11:55:06.512 정보 [main] org.apache.tomcat.util.net.NioSelectorPool.getSharedSelector Using a shared selector for servlet write/read
08-Jul-2019 11:55:06.512 정보 [main] org.apache.catalina.startup.Catalina.load Initialization processed in 739 ms
08-Jul-2019 11:55:06.527 정보 [main] org.apache.catalina.core.StandardService.startInternal Starting service [Catalina]
08-Jul-2019 11:55:06.527 정보 [main] org.apache.catalina.core.StandardEngine.startInternal Starting Servlet Engine: Apache Tomcat/8.5.40
08-Jul-2019 11:55:06.543 정보 [localhost-startStop-1] org.apache.catalina.startup.HostConfig.deployWAR Deploying web application archive [C:\Program Files\Java\apache-tomcat-8.5.40\webapps\WebMVC.war]
08-Jul-2019 11:55:06.574 정보 [localhost-startStop-1] org.apache.catalina.startup.ExpandWar.expand An expanded directory [C:\Program Files\Java\apache-tomcat-8.5.40\webapps\WebMVC] was found with a last modified time that did not match the associated WAR. It will be deleted.
08-Jul-2019 11:55:07.292 정보 [localhost-startStop-1] org.apache.jasper.servlet.TldScanner.scanJars At least one JAR was scanned for TLDs yet contained no TLDs. Enable debug logging for this logger for a complete list of JARs that were scanned but no TLDs were found in them. Skipping unneeded JARs during scanning can improve startup time and JSP compilation time.
08-Jul-2019 11:55:07.370 정보 [localhost-startStop-1] org.apache.catalina.startup.HostConfig.deployWAR Deployment of web application archive [C:\Program Files\Java\apache-tomcat-8.5.40\webapps\WebMVC.war] has finished in [827] ms
08-Jul-2019 11:55:07.385 정보 [localhost-startStop-1] org.apache.catalina.startup.HostConfig.deployDirectory Deploying web application directory [C:\Program Files\Java\apache-tomcat-8.5.40\webapps\docs]
08-Jul-2019 11:55:07.416 정보 [localhost-startStop-1] org.apache.catalina.startup.HostConfig.deployDirectory Deployment of web application directory [C:\Program Files\Java\apache-tomcat-8.5.40\webapps\docs] has finished in [31] ms
08-Jul-2019 11:55:07.416 정보 [localhost-startStop-1] org.apache.catalina.startup.HostConfig.deployDirectory Deploying web application directory [C:\Program Files\Java\apache-tomcat-8.5.40\webapps\examples]
08-Jul-2019 11:55:07.697 정보 [localhost-startStop-1] org.apache.catalina.startup.HostConfig.deployDirectory Deployment of web application directory [C:\Program Files\Java\apache-tomcat-8.5.40\webapps\examples] has finished in [281] ms
08-Jul-2019 11:55:07.697 정보 [localhost-startStop-1] org.apache.catalina.startup.HostConfig.deployDirectory Deploying web application directory [C:\Program Files\Java\apache-tomcat-8.5.40\webapps\host-manager]
08-Jul-2019 11:55:07.728 정보 [localhost-startStop-1] org.apache.catalina.startup.HostConfig.deployDirectory Deployment of web application directory [C:\Program Files\Java\apache-tomcat-8.5.40\webapps\host-manager] has finished in [31] ms
08-Jul-2019 11:55:07.728 정보 [localhost-startStop-1] org.apache.catalina.startup.HostConfig.deployDirectory Deploying web application directory [C:\Program Files\Java\apache-tomcat-8.5.40\webapps\JDBC_0614]
08-Jul-2019 11:55:08.056 정보 [localhost-startStop-1] org.apache.jasper.servlet.TldScanner.scanJars At least one JAR was scanned for TLDs yet contained no TLDs. Enable debug logging for this logger for a complete list of JARs that were scanned but no TLDs were found in them. Skipping unneeded JARs during scanning can improve startup time and JSP compilation time.
08-Jul-2019 11:55:08.087 정보 [localhost-startStop-1] org.apache.catalina.startup.HostConfig.deployDirectory Deployment of web application directory [C:\Program Files\Java\apache-tomcat-8.5.40\webapps\JDBC_0614] has finished in [359] ms
08-Jul-2019 11:55:08.087 정보 [localhost-startStop-1] org.apache.catalina.startup.HostConfig.deployDirectory Deploying web application directory [C:\Program Files\Java\apache-tomcat-8.5.40\webapps\manager]
08-Jul-2019 11:55:08.118 정보 [localhost-startStop-1] org.apache.catalina.startup.HostConfig.deployDirectory Deployment of web application directory [C:\Program Files\Java\apache-tomcat-8.5.40\webapps\manager] has finished in [31] ms
08-Jul-2019 11:55:08.118 정보 [localhost-startStop-1] org.apache.catalina.startup.HostConfig.deployDirectory Deploying web application directory [C:\Program Files\Java\apache-tomcat-8.5.40\webapps\ROOT]
08-Jul-2019 11:55:08.150 정보 [localhost-startStop-1] org.apache.catalina.startup.HostConfig.deployDirectory Deployment of web application directory [C:\Program Files\Java\apache-tomcat-8.5.40\webapps\ROOT] has finished in [32] ms
08-Jul-2019 11:55:08.196 정보 [main] org.apache.coyote.AbstractProtocol.start Starting ProtocolHandler ["http-nio-8080"]
08-Jul-2019 11:55:08.212 정보 [main] org.apache.coyote.AbstractProtocol.start Starting ProtocolHandler ["ajp-nio-8009"]
08-Jul-2019 11:55:08.212 정보 [main] org.apache.catalina.startup.Catalina.start Server startup in 1702 ms
08-Jul-2019 13:03:14.925 경고 [main] org.apache.tomcat.util.digester.Digester.endElement   No rules found matching 'Server/Service/Engine/Host/Resource'.
08-Jul-2019 13:03:14.925 정보 [main] org.apache.catalina.startup.VersionLoggerListener.log Server version:        Apache Tomcat/8.5.40
08-Jul-2019 13:03:14.925 정보 [main] org.apache.catalina.startup.VersionLoggerListener.log Server built:          Apr 10 2019 14:31:19 UTC
08-Jul-2019 13:03:14.925 정보 [main] org.apache.catalina.startup.VersionLoggerListener.log Server number:         8.5.40.0
08-Jul-2019 13:03:14.925 정보 [main] org.apache.catalina.startup.VersionLoggerListener.log OS Name:               Windows 7
08-Jul-2019 13:03:14.925 정보 [main] org.apache.catalina.startup.VersionLoggerListener.log OS Version:            6.1
08-Jul-2019 13:03:14.925 정보 [main] org.apache.catalina.startup.VersionLoggerListener.log Architecture:          amd64
08-Jul-2019 13:03:14.925 정보 [main] org.apache.catalina.startup.VersionLoggerListener.log Java Home:             C:\Program Files\Java\jdk1.8.0_171\jre
08-Jul-2019 13:03:14.925 정보 [main] org.apache.catalina.startup.VersionLoggerListener.log JVM Version:           1.8.0_171-b11
08-Jul-2019 13:03:14.925 정보 [main] org.apache.catalina.startup.VersionLoggerListener.log JVM Vendor:            Oracle Corporation
08-Jul-2019 13:03:14.925 정보 [main] org.apache.catalina.startup.VersionLoggerListener.log CATALINA_BASE:         C:\Program Files\Java\apache-tomcat-8.5.40
08-Jul-2019 13:03:14.941 정보 [main] org.apache.catalina.startup.VersionLoggerListener.log CATALINA_HOME:         C:\Program Files\Java\apache-tomcat-8.5.40
08-Jul-2019 13:03:14.941 정보 [main] org.apache.catalina.startup.VersionLoggerListener.log Command line argument: -Djava.util.logging.config.file=C:\Program Files\Java\apache-tomcat-8.5.40\conf\logging.properties
08-Jul-2019 13:03:14.941 정보 [main] org.apache.catalina.startup.VersionLoggerListener.log Command line argument: -Djava.util.logging.manager=org.apache.juli.ClassLoaderLogManager
08-Jul-2019 13:03:14.941 정보 [main] org.apache.catalina.startup.VersionLoggerListener.log Command line argument: -Djdk.tls.ephemeralDHKeySize=2048
08-Jul-2019 13:03:14.941 정보 [main] org.apache.catalina.startup.VersionLoggerListener.log Command line argument: -Djava.protocol.handler.pkgs=org.apache.catalina.webresources
08-Jul-2019 13:03:14.941 정보 [main] org.apache.catalina.startup.VersionLoggerListener.log Command line argument: -Dignore.endorsed.dirs=
08-Jul-2019 13:03:14.941 정보 [main] org.apache.catalina.startup.VersionLoggerListener.log Command line argument: -Dcatalina.base=C:\Program Files\Java\apache-tomcat-8.5.40
08-Jul-2019 13:03:14.941 정보 [main] org.apache.catalina.startup.VersionLoggerListener.log Command line argument: -Dcatalina.home=C:\Program Files\Java\apache-tomcat-8.5.40
08-Jul-2019 13:03:14.941 정보 [main] org.apache.catalina.startup.VersionLoggerListener.log Command line argument: -Djava.io.tmpdir=C:\Program Files\Java\apache-tomcat-8.5.40\temp
08-Jul-2019 13:03:14.941 정보 [main] org.apache.catalina.core.AprLifecycleListener.lifecycleEvent The APR based Apache Tomcat Native library which allows optimal performance in production environments was not found on the java.library.path: [C:\Program Files\Java\jdk1.8.0_171\bin;C:\Windows\Sun\Java\bin;C:\Windows\system32;C:\Windows;E:\app\JSLHRD\product\11.2.0\dbhome_1\bin;E:\web_it\jsl_27\php\Apache24\bin;C:\Program Files\MySQL\MySQL Server 5.6\bin;C:\Program Files\Java\jdk1.8.0_171\bin;C:\Program Files (x86)\Common Files\Oracle\Java\javapath;C:\Program Files (x86)\Intel\iCLS Client\;C:\Program Files\Intel\iCLS Client\;C:\Windows\system32;C:\Windows;C:\Windows\System32\Wbem;C:\Windows\System32\WindowsPowerShell\v1.0\;C:\Program Files\Intel\Intel(R) Management Engine Components\DAL;C:\Program Files\Intel\Intel(R) Management Engine Components\IPT;C:\Program Files (x86)\Intel\Intel(R) Management Engine Components\DAL;C:\Program Files (x86)\Intel\Intel(R) Management Engine Components\IPT;C:\Program Files (x86)\MySQL\MySQL Utilities 1.6\;C:\Program Files\Git\cmd;C:\Program Files\PuTTY\;C:\Users\JSLHRD\AppData\Local\Programs\Python\Python37-32\Scripts\;C:\Users\JSLHRD\AppData\Local\Programs\Python\Python37-32\;C:\Users\JSLHRD\AppData\Local\Programs\Microsoft VS Code\bin;C:\Users\JSLHRD\AppData\Local\GitHubDesktop\bin;.]
08-Jul-2019 13:03:15.112 정보 [main] org.apache.coyote.AbstractProtocol.init Initializing ProtocolHandler ["http-nio-8080"]
08-Jul-2019 13:03:15.253 정보 [main] org.apache.tomcat.util.net.NioSelectorPool.getSharedSelector Using a shared selector for servlet write/read
08-Jul-2019 13:03:15.284 정보 [main] org.apache.coyote.AbstractProtocol.init Initializing ProtocolHandler ["ajp-nio-8009"]
08-Jul-2019 13:03:15.300 정보 [main] org.apache.tomcat.util.net.NioSelectorPool.getSharedSelector Using a shared selector for servlet write/read
08-Jul-2019 13:03:15.300 정보 [main] org.apache.catalina.startup.Catalina.load Initialization processed in 800 ms
08-Jul-2019 13:03:15.331 정보 [main] org.apache.catalina.core.StandardService.startInternal Starting service [Catalina]
08-Jul-2019 13:03:15.331 정보 [main] org.apache.catalina.core.StandardEngine.startInternal Starting Servlet Engine: Apache Tomcat/8.5.40
08-Jul-2019 13:03:15.346 정보 [localhost-startStop-1] org.apache.catalina.startup.HostConfig.deployWAR Deploying web application archive [C:\Program Files\Java\apache-tomcat-8.5.40\webapps\WebMVC.war]
08-Jul-2019 13:03:15.378 정보 [localhost-startStop-1] org.apache.catalina.startup.ExpandWar.expand An expanded directory [C:\Program Files\Java\apache-tomcat-8.5.40\webapps\WebMVC] was found with a last modified time that did not match the associated WAR. It will be deleted.
08-Jul-2019 13:03:16.095 정보 [localhost-startStop-1] org.apache.jasper.servlet.TldScanner.scanJars At least one JAR was scanned for TLDs yet contained no TLDs. Enable debug logging for this logger for a complete list of JARs that were scanned but no TLDs were found in them. Skipping unneeded JARs during scanning can improve startup time and JSP compilation time.
08-Jul-2019 13:03:16.220 정보 [localhost-startStop-1] org.apache.catalina.startup.HostConfig.deployWAR Deployment of web application archive [C:\Program Files\Java\apache-tomcat-8.5.40\webapps\WebMVC.war] has finished in [858] ms
08-Jul-2019 13:03:16.220 정보 [localhost-startStop-1] org.apache.catalina.startup.HostConfig.deployDirectory Deploying web application directory [C:\Program Files\Java\apache-tomcat-8.5.40\webapps\docs]
08-Jul-2019 13:03:16.251 정보 [localhost-startStop-1] org.apache.catalina.startup.HostConfig.deployDirectory Deployment of web application directory [C:\Program Files\Java\apache-tomcat-8.5.40\webapps\docs] has finished in [31] ms
08-Jul-2019 13:03:16.251 정보 [localhost-startStop-1] org.apache.catalina.startup.HostConfig.deployDirectory Deploying web application directory [C:\Program Files\Java\apache-tomcat-8.5.40\webapps\examples]
08-Jul-2019 13:03:16.470 정보 [localhost-startStop-1] org.apache.catalina.startup.HostConfig.deployDirectory Deployment of web application directory [C:\Program Files\Java\apache-tomcat-8.5.40\webapps\examples] has finished in [219] ms
08-Jul-2019 13:03:16.470 정보 [localhost-startStop-1] org.apache.catalina.startup.HostConfig.deployDirectory Deploying web application directory [C:\Program Files\Java\apache-tomcat-8.5.40\webapps\host-manager]
08-Jul-2019 13:03:16.501 정보 [localhost-startStop-1] org.apache.catalina.startup.HostConfig.deployDirectory Deployment of web application directory [C:\Program Files\Java\apache-tomcat-8.5.40\webapps\host-manager] has finished in [31] ms
08-Jul-2019 13:03:16.501 정보 [localhost-startStop-1] org.apache.catalina.startup.HostConfig.deployDirectory Deploying web application directory [C:\Program Files\Java\apache-tomcat-8.5.40\webapps\JDBC_0614]
08-Jul-2019 13:03:16.828 정보 [localhost-startStop-1] org.apache.jasper.servlet.TldScanner.scanJars At least one JAR was scanned for TLDs yet contained no TLDs. Enable debug logging for this logger for a complete list of JARs that were scanned but no TLDs were found in them. Skipping unneeded JARs during scanning can improve startup time and JSP compilation time.
08-Jul-2019 13:03:16.860 정보 [localhost-startStop-1] org.apache.catalina.startup.HostConfig.deployDirectory Deployment of web application directory [C:\Program Files\Java\apache-tomcat-8.5.40\webapps\JDBC_0614] has finished in [359] ms
08-Jul-2019 13:03:16.860 정보 [localhost-startStop-1] org.apache.catalina.startup.HostConfig.deployDirectory Deploying web application directory [C:\Program Files\Java\apache-tomcat-8.5.40\webapps\manager]
08-Jul-2019 13:03:16.891 정보 [localhost-startStop-1] org.apache.catalina.startup.HostConfig.deployDirectory Deployment of web application directory [C:\Program Files\Java\apache-tomcat-8.5.40\webapps\manager] has finished in [31] ms
08-Jul-2019 13:03:16.891 정보 [localhost-startStop-1] org.apache.catalina.startup.HostConfig.deployDirectory Deploying web application directory [C:\Program Files\Java\apache-tomcat-8.5.40\webapps\ROOT]
08-Jul-2019 13:03:16.906 정보 [localhost-startStop-1] org.apache.catalina.startup.HostConfig.deployDirectory Deployment of web application directory [C:\Program Files\Java\apache-tomcat-8.5.40\webapps\ROOT] has finished in [15] ms
08-Jul-2019 13:03:16.938 정보 [main] org.apache.coyote.AbstractProtocol.start Starting ProtocolHandler ["http-nio-8080"]
08-Jul-2019 13:03:16.953 정보 [main] org.apache.coyote.AbstractProtocol.start Starting ProtocolHandler ["ajp-nio-8009"]
08-Jul-2019 13:03:16.953 정보 [main] org.apache.catalina.startup.Catalina.start Server startup in 1647 ms
08-Jul-2019 13:10:27.328 경고 [main] org.apache.tomcat.util.digester.Digester.endElement   No rules found matching 'Server/Service/Engine/Host/Resource'.
08-Jul-2019 13:10:27.328 정보 [main] org.apache.catalina.startup.VersionLoggerListener.log Server version:        Apache Tomcat/8.5.40
08-Jul-2019 13:10:27.328 정보 [main] org.apache.catalina.startup.VersionLoggerListener.log Server built:          Apr 10 2019 14:31:19 UTC
08-Jul-2019 13:10:27.344 정보 [main] org.apache.catalina.startup.VersionLoggerListener.log Server number:         8.5.40.0
08-Jul-2019 13:10:27.344 정보 [main] org.apache.catalina.startup.VersionLoggerListener.log OS Name:               Windows 7
08-Jul-2019 13:10:27.344 정보 [main] org.apache.catalina.startup.VersionLoggerListener.log OS Version:            6.1
08-Jul-2019 13:10:27.344 정보 [main] org.apache.catalina.startup.VersionLoggerListener.log Architecture:          amd64
08-Jul-2019 13:10:27.344 정보 [main] org.apache.catalina.startup.VersionLoggerListener.log Java Home:             C:\Program Files\Java\jdk1.8.0_171\jre
08-Jul-2019 13:10:27.344 정보 [main] org.apache.catalina.startup.VersionLoggerListener.log JVM Version:           1.8.0_171-b11
08-Jul-2019 13:10:27.344 정보 [main] org.apache.catalina.startup.VersionLoggerListener.log JVM Vendor:            Oracle Corporation
08-Jul-2019 13:10:27.344 정보 [main] org.apache.catalina.startup.VersionLoggerListener.log CATALINA_BASE:         C:\Program Files\Java\apache-tomcat-8.5.40
08-Jul-2019 13:10:27.344 정보 [main] org.apache.catalina.startup.VersionLoggerListener.log CATALINA_HOME:         C:\Program Files\Java\apache-tomcat-8.5.40
08-Jul-2019 13:10:27.344 정보 [main] org.apache.catalina.startup.VersionLoggerListener.log Command line argument: -Djava.util.logging.config.file=C:\Program Files\Java\apache-tomcat-8.5.40\conf\logging.properties
08-Jul-2019 13:10:27.344 정보 [main] org.apache.catalina.startup.VersionLoggerListener.log Command line argument: -Djava.util.logging.manager=org.apache.juli.ClassLoaderLogManager
08-Jul-2019 13:10:27.344 정보 [main] org.apache.catalina.startup.VersionLoggerListener.log Command line argument: -Djdk.tls.ephemeralDHKeySize=2048
08-Jul-2019 13:10:27.344 정보 [main] org.apache.catalina.startup.VersionLoggerListener.log Command line argument: -Djava.protocol.handler.pkgs=org.apache.catalina.webresources
08-Jul-2019 13:10:27.344 정보 [main] org.apache.catalina.startup.VersionLoggerListener.log Command line argument: -Dignore.endorsed.dirs=
08-Jul-2019 13:10:27.344 정보 [main] org.apache.catalina.startup.VersionLoggerListener.log Command line argument: -Dcatalina.base=C:\Program Files\Java\apache-tomcat-8.5.40
08-Jul-2019 13:10:27.344 정보 [main] org.apache.catalina.startup.VersionLoggerListener.log Command line argument: -Dcatalina.home=C:\Program Files\Java\apache-tomcat-8.5.40
08-Jul-2019 13:10:27.344 정보 [main] org.apache.catalina.startup.VersionLoggerListener.log Command line argument: -Djava.io.tmpdir=C:\Program Files\Java\apache-tomcat-8.5.40\temp
08-Jul-2019 13:10:27.344 정보 [main] org.apache.catalina.core.AprLifecycleListener.lifecycleEvent The APR based Apache Tomcat Native library which allows optimal performance in production environments was not found on the java.library.path: [C:\Program Files\Java\jdk1.8.0_171\bin;C:\Windows\Sun\Java\bin;C:\Windows\system32;C:\Windows;E:\app\JSLHRD\product\11.2.0\dbhome_1\bin;E:\web_it\jsl_27\php\Apache24\bin;C:\Program Files\MySQL\MySQL Server 5.6\bin;C:\Program Files\Java\jdk1.8.0_171\bin;C:\Program Files (x86)\Common Files\Oracle\Java\javapath;C:\Program Files (x86)\Intel\iCLS Client\;C:\Program Files\Intel\iCLS Client\;C:\Windows\system32;C:\Windows;C:\Windows\System32\Wbem;C:\Windows\System32\WindowsPowerShell\v1.0\;C:\Program Files\Intel\Intel(R) Management Engine Components\DAL;C:\Program Files\Intel\Intel(R) Management Engine Components\IPT;C:\Program Files (x86)\Intel\Intel(R) Management Engine Components\DAL;C:\Program Files (x86)\Intel\Intel(R) Management Engine Components\IPT;C:\Program Files (x86)\MySQL\MySQL Utilities 1.6\;C:\Program Files\Git\cmd;C:\Program Files\PuTTY\;C:\Users\JSLHRD\AppData\Local\Programs\Python\Python37-32\Scripts\;C:\Users\JSLHRD\AppData\Local\Programs\Python\Python37-32\;C:\Users\JSLHRD\AppData\Local\Programs\Microsoft VS Code\bin;C:\Users\JSLHRD\AppData\Local\GitHubDesktop\bin;.]
08-Jul-2019 13:10:27.531 정보 [main] org.apache.coyote.AbstractProtocol.init Initializing ProtocolHandler ["http-nio-8080"]
08-Jul-2019 13:10:27.625 정보 [main] org.apache.tomcat.util.net.NioSelectorPool.getSharedSelector Using a shared selector for servlet write/read
08-Jul-2019 13:10:27.656 정보 [main] org.apache.coyote.AbstractProtocol.init Initializing ProtocolHandler ["ajp-nio-8009"]
08-Jul-2019 13:10:27.672 정보 [main] org.apache.tomcat.util.net.NioSelectorPool.getSharedSelector Using a shared selector for servlet write/read
08-Jul-2019 13:10:27.672 정보 [main] org.apache.catalina.startup.Catalina.load Initialization processed in 755 ms
08-Jul-2019 13:10:27.687 정보 [main] org.apache.catalina.core.StandardService.startInternal Starting service [Catalina]
08-Jul-2019 13:10:27.687 정보 [main] org.apache.catalina.core.StandardEngine.startInternal Starting Servlet Engine: Apache Tomcat/8.5.40
08-Jul-2019 13:10:27.703 정보 [localhost-startStop-1] org.apache.catalina.startup.HostConfig.deployWAR Deploying web application archive [C:\Program Files\Java\apache-tomcat-8.5.40\webapps\WebMVC.war]
08-Jul-2019 13:10:27.734 정보 [localhost-startStop-1] org.apache.catalina.startup.ExpandWar.expand An expanded directory [C:\Program Files\Java\apache-tomcat-8.5.40\webapps\WebMVC] was found with a last modified time that did not match the associated WAR. It will be deleted.
08-Jul-2019 13:10:28.483 정보 [localhost-startStop-1] org.apache.jasper.servlet.TldScanner.scanJars At least one JAR was scanned for TLDs yet contained no TLDs. Enable debug logging for this logger for a complete list of JARs that were scanned but no TLDs were found in them. Skipping unneeded JARs during scanning can improve startup time and JSP compilation time.
08-Jul-2019 13:10:28.608 정보 [localhost-startStop-1] org.apache.catalina.startup.HostConfig.deployWAR Deployment of web application archive [C:\Program Files\Java\apache-tomcat-8.5.40\webapps\WebMVC.war] has finished in [905] ms
08-Jul-2019 13:10:28.608 정보 [localhost-startStop-1] org.apache.catalina.startup.HostConfig.deployDirectory Deploying web application directory [C:\Program Files\Java\apache-tomcat-8.5.40\webapps\docs]
08-Jul-2019 13:10:28.639 정보 [localhost-startStop-1] org.apache.catalina.startup.HostConfig.deployDirectory Deployment of web application directory [C:\Program Files\Java\apache-tomcat-8.5.40\webapps\docs] has finished in [31] ms
08-Jul-2019 13:10:28.654 정보 [localhost-startStop-1] org.apache.catalina.startup.HostConfig.deployDirectory Deploying web application directory [C:\Program Files\Java\apache-tomcat-8.5.40\webapps\examples]
08-Jul-2019 13:10:28.886 정보 [localhost-startStop-1] org.apache.catalina.startup.HostConfig.deployDirectory Deployment of web application directory [C:\Program Files\Java\apache-tomcat-8.5.40\webapps\examples] has finished in [232] ms
08-Jul-2019 13:10:28.890 정보 [localhost-startStop-1] org.apache.catalina.startup.HostConfig.deployDirectory Deploying web application directory [C:\Program Files\Java\apache-tomcat-8.5.40\webapps\host-manager]
08-Jul-2019 13:10:28.922 정보 [localhost-startStop-1] org.apache.catalina.startup.HostConfig.deployDirectory Deployment of web application directory [C:\Program Files\Java\apache-tomcat-8.5.40\webapps\host-manager] has finished in [32] ms
08-Jul-2019 13:10:28.923 정보 [localhost-startStop-1] org.apache.catalina.startup.HostConfig.deployDirectory Deploying web application directory [C:\Program Files\Java\apache-tomcat-8.5.40\webapps\JDBC_0614]
08-Jul-2019 13:10:29.268 정보 [localhost-startStop-1] org.apache.jasper.servlet.TldScanner.scanJars At least one JAR was scanned for TLDs yet contained no TLDs. Enable debug logging for this logger for a complete list of JARs that were scanned but no TLDs were found in them. Skipping unneeded JARs during scanning can improve startup time and JSP compilation time.
08-Jul-2019 13:10:29.299 정보 [localhost-startStop-1] org.apache.catalina.startup.HostConfig.deployDirectory Deployment of web application directory [C:\Program Files\Java\apache-tomcat-8.5.40\webapps\JDBC_0614] has finished in [376] ms
08-Jul-2019 13:10:29.299 정보 [localhost-startStop-1] org.apache.catalina.startup.HostConfig.deployDirectory Deploying web application directory [C:\Program Files\Java\apache-tomcat-8.5.40\webapps\manager]
08-Jul-2019 13:10:29.330 정보 [localhost-startStop-1] org.apache.catalina.startup.HostConfig.deployDirectory Deployment of web application directory [C:\Program Files\Java\apache-tomcat-8.5.40\webapps\manager] has finished in [31] ms
08-Jul-2019 13:10:29.330 정보 [localhost-startStop-1] org.apache.catalina.startup.HostConfig.deployDirectory Deploying web application directory [C:\Program Files\Java\apache-tomcat-8.5.40\webapps\ROOT]
08-Jul-2019 13:10:29.346 정보 [localhost-startStop-1] org.apache.catalina.startup.HostConfig.deployDirectory Deployment of web application directory [C:\Program Files\Java\apache-tomcat-8.5.40\webapps\ROOT] has finished in [16] ms
08-Jul-2019 13:10:29.346 정보 [main] org.apache.coyote.AbstractProtocol.start Starting ProtocolHandler ["http-nio-8080"]
08-Jul-2019 13:10:29.361 정보 [main] org.apache.coyote.AbstractProtocol.start Starting ProtocolHandler ["ajp-nio-8009"]
08-Jul-2019 13:10:29.361 정보 [main] org.apache.catalina.startup.Catalina.start Server startup in 1691 ms
