19-Jun-2019 14:56:58.014 정보 [main] org.apache.catalina.startup.VersionLoggerListener.log Server version:        Apache Tomcat/8.5.40
19-Jun-2019 14:56:58.030 정보 [main] org.apache.catalina.startup.VersionLoggerListener.log Server built:          Apr 10 2019 14:31:19 UTC
19-Jun-2019 14:56:58.030 정보 [main] org.apache.catalina.startup.VersionLoggerListener.log Server number:         8.5.40.0
19-Jun-2019 14:56:58.030 정보 [main] org.apache.catalina.startup.VersionLoggerListener.log OS Name:               Windows 7
19-Jun-2019 14:56:58.030 정보 [main] org.apache.catalina.startup.VersionLoggerListener.log OS Version:            6.1
19-Jun-2019 14:56:58.030 정보 [main] org.apache.catalina.startup.VersionLoggerListener.log Architecture:          amd64
19-Jun-2019 14:56:58.030 정보 [main] org.apache.catalina.startup.VersionLoggerListener.log Java Home:             C:\Program Files\Java\jdk1.8.0_171\jre
19-Jun-2019 14:56:58.030 정보 [main] org.apache.catalina.startup.VersionLoggerListener.log JVM Version:           1.8.0_171-b11
19-Jun-2019 14:56:58.030 정보 [main] org.apache.catalina.startup.VersionLoggerListener.log JVM Vendor:            Oracle Corporation
19-Jun-2019 14:56:58.030 정보 [main] org.apache.catalina.startup.VersionLoggerListener.log CATALINA_BASE:         C:\Program Files\Java\apache-tomcat-8.5.40
19-Jun-2019 14:56:58.030 정보 [main] org.apache.catalina.startup.VersionLoggerListener.log CATALINA_HOME:         C:\Program Files\Java\apache-tomcat-8.5.40
19-Jun-2019 14:56:58.030 정보 [main] org.apache.catalina.startup.VersionLoggerListener.log Command line argument: -Djava.util.logging.config.file=C:\Program Files\Java\apache-tomcat-8.5.40\conf\logging.properties
19-Jun-2019 14:56:58.045 정보 [main] org.apache.catalina.startup.VersionLoggerListener.log Command line argument: -Djava.util.logging.manager=org.apache.juli.ClassLoaderLogManager
19-Jun-2019 14:56:58.045 정보 [main] org.apache.catalina.startup.VersionLoggerListener.log Command line argument: -Djdk.tls.ephemeralDHKeySize=2048
19-Jun-2019 14:56:58.045 정보 [main] org.apache.catalina.startup.VersionLoggerListener.log Command line argument: -Djava.protocol.handler.pkgs=org.apache.catalina.webresources
19-Jun-2019 14:56:58.045 정보 [main] org.apache.catalina.startup.VersionLoggerListener.log Command line argument: -Dignore.endorsed.dirs=
19-Jun-2019 14:56:58.045 정보 [main] org.apache.catalina.startup.VersionLoggerListener.log Command line argument: -Dcatalina.base=C:\Program Files\Java\apache-tomcat-8.5.40
19-Jun-2019 14:56:58.045 정보 [main] org.apache.catalina.startup.VersionLoggerListener.log Command line argument: -Dcatalina.home=C:\Program Files\Java\apache-tomcat-8.5.40
19-Jun-2019 14:56:58.045 정보 [main] org.apache.catalina.startup.VersionLoggerListener.log Command line argument: -Djava.io.tmpdir=C:\Program Files\Java\apache-tomcat-8.5.40\temp
19-Jun-2019 14:56:58.045 정보 [main] org.apache.catalina.core.AprLifecycleListener.lifecycleEvent The APR based Apache Tomcat Native library which allows optimal performance in production environments was not found on the java.library.path: [C:\Program Files\Java\jdk1.8.0_171\bin;C:\Windows\Sun\Java\bin;C:\Windows\system32;C:\Windows;E:\app\JSLHRD\product\11.2.0\dbhome_1\bin;E:\web_it\jsl_27\php\Apache24\bin;C:\Program Files\MySQL\MySQL Server 5.6\bin;C:\Program Files\Java\jdk1.8.0_171\bin;C:\Program Files (x86)\Common Files\Oracle\Java\javapath;C:\Program Files (x86)\Intel\iCLS Client\;C:\Program Files\Intel\iCLS Client\;C:\Windows\system32;C:\Windows;C:\Windows\System32\Wbem;C:\Windows\System32\WindowsPowerShell\v1.0\;C:\Program Files\Intel\Intel(R) Management Engine Components\DAL;C:\Program Files\Intel\Intel(R) Management Engine Components\IPT;C:\Program Files (x86)\Intel\Intel(R) Management Engine Components\DAL;C:\Program Files (x86)\Intel\Intel(R) Management Engine Components\IPT;C:\Program Files (x86)\MySQL\MySQL Utilities 1.6\;C:\Program Files\Git\cmd;C:\Program Files\PuTTY\;C:\Users\JSLHRD\AppData\Local\Programs\Python\Python37-32\Scripts\;C:\Users\JSLHRD\AppData\Local\Programs\Python\Python37-32\;C:\Users\JSLHRD\AppData\Local\Programs\Microsoft VS Code\bin;C:\Users\JSLHRD\AppData\Local\GitHubDesktop\bin;.]
19-Jun-2019 14:56:58.295 정보 [main] org.apache.coyote.AbstractProtocol.init Initializing ProtocolHandler ["http-nio-8080"]
19-Jun-2019 14:56:58.404 정보 [main] org.apache.tomcat.util.net.NioSelectorPool.getSharedSelector Using a shared selector for servlet write/read
19-Jun-2019 14:56:58.466 정보 [main] org.apache.coyote.AbstractProtocol.init Initializing ProtocolHandler ["ajp-nio-8009"]
19-Jun-2019 14:56:58.466 정보 [main] org.apache.tomcat.util.net.NioSelectorPool.getSharedSelector Using a shared selector for servlet write/read
19-Jun-2019 14:56:58.466 정보 [main] org.apache.catalina.startup.Catalina.load Initialization processed in 907 ms
19-Jun-2019 14:56:58.513 정보 [main] org.apache.catalina.core.StandardService.startInternal Starting service [Catalina]
19-Jun-2019 14:56:58.529 정보 [main] org.apache.catalina.core.StandardEngine.startInternal Starting Servlet Engine: Apache Tomcat/8.5.40
19-Jun-2019 14:56:58.544 정보 [localhost-startStop-1] org.apache.catalina.startup.HostConfig.deployWAR Deploying web application archive [C:\Program Files\Java\apache-tomcat-8.5.40\webapps\JDBC_0614.war]
19-Jun-2019 14:56:59.324 정보 [localhost-startStop-1] org.apache.jasper.servlet.TldScanner.scanJars At least one JAR was scanned for TLDs yet contained no TLDs. Enable debug logging for this logger for a complete list of JARs that were scanned but no TLDs were found in them. Skipping unneeded JARs during scanning can improve startup time and JSP compilation time.
19-Jun-2019 14:56:59.371 정보 [localhost-startStop-1] org.apache.catalina.startup.HostConfig.deployWAR Deployment of web application archive [C:\Program Files\Java\apache-tomcat-8.5.40\webapps\JDBC_0614.war] has finished in [827] ms
19-Jun-2019 14:56:59.371 정보 [localhost-startStop-1] org.apache.catalina.startup.HostConfig.deployDirectory Deploying web application directory [C:\Program Files\Java\apache-tomcat-8.5.40\webapps\docs]
19-Jun-2019 14:56:59.402 정보 [localhost-startStop-1] org.apache.catalina.startup.HostConfig.deployDirectory Deployment of web application directory [C:\Program Files\Java\apache-tomcat-8.5.40\webapps\docs] has finished in [31] ms
19-Jun-2019 14:56:59.402 정보 [localhost-startStop-1] org.apache.catalina.startup.HostConfig.deployDirectory Deploying web application directory [C:\Program Files\Java\apache-tomcat-8.5.40\webapps\examples]
19-Jun-2019 14:56:59.746 정보 [localhost-startStop-1] org.apache.catalina.startup.HostConfig.deployDirectory Deployment of web application directory [C:\Program Files\Java\apache-tomcat-8.5.40\webapps\examples] has finished in [344] ms
19-Jun-2019 14:56:59.746 정보 [localhost-startStop-1] org.apache.catalina.startup.HostConfig.deployDirectory Deploying web application directory [C:\Program Files\Java\apache-tomcat-8.5.40\webapps\host-manager]
19-Jun-2019 14:56:59.777 정보 [localhost-startStop-1] org.apache.catalina.startup.HostConfig.deployDirectory Deployment of web application directory [C:\Program Files\Java\apache-tomcat-8.5.40\webapps\host-manager] has finished in [31] ms
19-Jun-2019 14:56:59.777 정보 [localhost-startStop-1] org.apache.catalina.startup.HostConfig.deployDirectory Deploying web application directory [C:\Program Files\Java\apache-tomcat-8.5.40\webapps\manager]
19-Jun-2019 14:56:59.824 정보 [localhost-startStop-1] org.apache.catalina.startup.HostConfig.deployDirectory Deployment of web application directory [C:\Program Files\Java\apache-tomcat-8.5.40\webapps\manager] has finished in [47] ms
19-Jun-2019 14:56:59.824 정보 [localhost-startStop-1] org.apache.catalina.startup.HostConfig.deployDirectory Deploying web application directory [C:\Program Files\Java\apache-tomcat-8.5.40\webapps\ROOT]
19-Jun-2019 14:56:59.839 정보 [localhost-startStop-1] org.apache.catalina.startup.HostConfig.deployDirectory Deployment of web application directory [C:\Program Files\Java\apache-tomcat-8.5.40\webapps\ROOT] has finished in [15] ms
19-Jun-2019 14:56:59.855 정보 [main] org.apache.coyote.AbstractProtocol.start Starting ProtocolHandler ["http-nio-8080"]
19-Jun-2019 14:56:59.855 정보 [main] org.apache.coyote.AbstractProtocol.start Starting ProtocolHandler ["ajp-nio-8009"]
19-Jun-2019 14:56:59.855 정보 [main] org.apache.catalina.startup.Catalina.start Server startup in 1392 ms
19-Jun-2019 15:06:17.118 경고 [main] org.apache.catalina.core.StandardContext.setPath A context path must either be an empty string or start with a '/' and do not end with a '/'. The path [/] does not meet these criteria and has been changed to []
19-Jun-2019 15:06:17.134 정보 [main] org.apache.catalina.startup.VersionLoggerListener.log Server version:        Apache Tomcat/8.5.40
19-Jun-2019 15:06:17.134 정보 [main] org.apache.catalina.startup.VersionLoggerListener.log Server built:          Apr 10 2019 14:31:19 UTC
19-Jun-2019 15:06:17.134 정보 [main] org.apache.catalina.startup.VersionLoggerListener.log Server number:         8.5.40.0
19-Jun-2019 15:06:17.134 정보 [main] org.apache.catalina.startup.VersionLoggerListener.log OS Name:               Windows 7
19-Jun-2019 15:06:17.134 정보 [main] org.apache.catalina.startup.VersionLoggerListener.log OS Version:            6.1
19-Jun-2019 15:06:17.149 정보 [main] org.apache.catalina.startup.VersionLoggerListener.log Architecture:          amd64
19-Jun-2019 15:06:17.149 정보 [main] org.apache.catalina.startup.VersionLoggerListener.log Java Home:             C:\Program Files\Java\jdk1.8.0_171\jre
19-Jun-2019 15:06:17.149 정보 [main] org.apache.catalina.startup.VersionLoggerListener.log JVM Version:           1.8.0_171-b11
19-Jun-2019 15:06:17.149 정보 [main] org.apache.catalina.startup.VersionLoggerListener.log JVM Vendor:            Oracle Corporation
19-Jun-2019 15:06:17.149 정보 [main] org.apache.catalina.startup.VersionLoggerListener.log CATALINA_BASE:         C:\Program Files\Java\apache-tomcat-8.5.40
19-Jun-2019 15:06:17.149 정보 [main] org.apache.catalina.startup.VersionLoggerListener.log CATALINA_HOME:         C:\Program Files\Java\apache-tomcat-8.5.40
19-Jun-2019 15:06:17.149 정보 [main] org.apache.catalina.startup.VersionLoggerListener.log Command line argument: -Djava.util.logging.config.file=C:\Program Files\Java\apache-tomcat-8.5.40\conf\logging.properties
19-Jun-2019 15:06:17.149 정보 [main] org.apache.catalina.startup.VersionLoggerListener.log Command line argument: -Djava.util.logging.manager=org.apache.juli.ClassLoaderLogManager
19-Jun-2019 15:06:17.149 정보 [main] org.apache.catalina.startup.VersionLoggerListener.log Command line argument: -Djdk.tls.ephemeralDHKeySize=2048
19-Jun-2019 15:06:17.149 정보 [main] org.apache.catalina.startup.VersionLoggerListener.log Command line argument: -Djava.protocol.handler.pkgs=org.apache.catalina.webresources
19-Jun-2019 15:06:17.149 정보 [main] org.apache.catalina.startup.VersionLoggerListener.log Command line argument: -Dignore.endorsed.dirs=
19-Jun-2019 15:06:17.149 정보 [main] org.apache.catalina.startup.VersionLoggerListener.log Command line argument: -Dcatalina.base=C:\Program Files\Java\apache-tomcat-8.5.40
19-Jun-2019 15:06:17.149 정보 [main] org.apache.catalina.startup.VersionLoggerListener.log Command line argument: -Dcatalina.home=C:\Program Files\Java\apache-tomcat-8.5.40
19-Jun-2019 15:06:17.149 정보 [main] org.apache.catalina.startup.VersionLoggerListener.log Command line argument: -Djava.io.tmpdir=C:\Program Files\Java\apache-tomcat-8.5.40\temp
19-Jun-2019 15:06:17.149 정보 [main] org.apache.catalina.core.AprLifecycleListener.lifecycleEvent The APR based Apache Tomcat Native library which allows optimal performance in production environments was not found on the java.library.path: [C:\Program Files\Java\jdk1.8.0_171\bin;C:\Windows\Sun\Java\bin;C:\Windows\system32;C:\Windows;E:\app\JSLHRD\product\11.2.0\dbhome_1\bin;E:\web_it\jsl_27\php\Apache24\bin;C:\Program Files\MySQL\MySQL Server 5.6\bin;C:\Program Files\Java\jdk1.8.0_171\bin;C:\Program Files (x86)\Common Files\Oracle\Java\javapath;C:\Program Files (x86)\Intel\iCLS Client\;C:\Program Files\Intel\iCLS Client\;C:\Windows\system32;C:\Windows;C:\Windows\System32\Wbem;C:\Windows\System32\WindowsPowerShell\v1.0\;C:\Program Files\Intel\Intel(R) Management Engine Components\DAL;C:\Program Files\Intel\Intel(R) Management Engine Components\IPT;C:\Program Files (x86)\Intel\Intel(R) Management Engine Components\DAL;C:\Program Files (x86)\Intel\Intel(R) Management Engine Components\IPT;C:\Program Files (x86)\MySQL\MySQL Utilities 1.6\;C:\Program Files\Git\cmd;C:\Program Files\PuTTY\;C:\Users\JSLHRD\AppData\Local\Programs\Python\Python37-32\Scripts\;C:\Users\JSLHRD\AppData\Local\Programs\Python\Python37-32\;C:\Users\JSLHRD\AppData\Local\Programs\Microsoft VS Code\bin;C:\Users\JSLHRD\AppData\Local\GitHubDesktop\bin;.]
19-Jun-2019 15:06:17.290 정보 [main] org.apache.coyote.AbstractProtocol.init Initializing ProtocolHandler ["http-nio-8080"]
19-Jun-2019 15:06:17.305 심각 [main] org.apache.catalina.core.StandardService.initInternal Failed to initialize connector [Connector[HTTP/1.1-8080]]
 org.apache.catalina.LifecycleException: Failed to initialize component [Connector[HTTP/1.1-8080]]
	at org.apache.catalina.util.LifecycleBase.init(LifecycleBase.java:112)
	at org.apache.catalina.core.StandardService.initInternal(StandardService.java:552)
	at org.apache.catalina.util.LifecycleBase.init(LifecycleBase.java:107)
	at org.apache.catalina.core.StandardServer.initInternal(StandardServer.java:875)
	at org.apache.catalina.util.LifecycleBase.init(LifecycleBase.java:107)
	at org.apache.catalina.startup.Catalina.load(Catalina.java:639)
	at org.apache.catalina.startup.Catalina.load(Catalina.java:662)
	at sun.reflect.NativeMethodAccessorImpl.invoke0(Native Method)
	at sun.reflect.NativeMethodAccessorImpl.invoke(NativeMethodAccessorImpl.java:62)
	at sun.reflect.DelegatingMethodAccessorImpl.invoke(DelegatingMethodAccessorImpl.java:43)
	at java.lang.reflect.Method.invoke(Method.java:498)
	at org.apache.catalina.startup.Bootstrap.load(Bootstrap.java:309)
	at org.apache.catalina.startup.Bootstrap.main(Bootstrap.java:492)
Caused by: org.apache.catalina.LifecycleException: Protocol handler initialization failed
	at org.apache.catalina.connector.Connector.initInternal(Connector.java:995)
	at org.apache.catalina.util.LifecycleBase.init(LifecycleBase.java:107)
	... 12 more
Caused by: java.net.BindException: Address already in use: bind
	at sun.nio.ch.Net.bind0(Native Method)
	at sun.nio.ch.Net.bind(Net.java:433)
	at sun.nio.ch.Net.bind(Net.java:425)
	at sun.nio.ch.ServerSocketChannelImpl.bind(ServerSocketChannelImpl.java:223)
	at sun.nio.ch.ServerSocketAdaptor.bind(ServerSocketAdaptor.java:74)
	at org.apache.tomcat.util.net.NioEndpoint.bind(NioEndpoint.java:219)
	at org.apache.tomcat.util.net.AbstractEndpoint.init(AbstractEndpoint.java:1105)
	at org.apache.tomcat.util.net.AbstractJsseEndpoint.init(AbstractJsseEndpoint.java:224)
	at org.apache.coyote.AbstractProtocol.init(AbstractProtocol.java:581)
	at org.apache.coyote.http11.AbstractHttp11Protocol.init(AbstractHttp11Protocol.java:68)
	at org.apache.catalina.connector.Connector.initInternal(Connector.java:993)
	... 13 more

19-Jun-2019 15:06:17.305 정보 [main] org.apache.coyote.AbstractProtocol.init Initializing ProtocolHandler ["ajp-nio-8009"]
19-Jun-2019 15:06:17.305 심각 [main] org.apache.catalina.core.StandardService.initInternal Failed to initialize connector [Connector[AJP/1.3-8009]]
 org.apache.catalina.LifecycleException: Failed to initialize component [Connector[AJP/1.3-8009]]
	at org.apache.catalina.util.LifecycleBase.init(LifecycleBase.java:112)
	at org.apache.catalina.core.StandardService.initInternal(StandardService.java:552)
	at org.apache.catalina.util.LifecycleBase.init(LifecycleBase.java:107)
	at org.apache.catalina.core.StandardServer.initInternal(StandardServer.java:875)
	at org.apache.catalina.util.LifecycleBase.init(LifecycleBase.java:107)
	at org.apache.catalina.startup.Catalina.load(Catalina.java:639)
	at org.apache.catalina.startup.Catalina.load(Catalina.java:662)
	at sun.reflect.NativeMethodAccessorImpl.invoke0(Native Method)
	at sun.reflect.NativeMethodAccessorImpl.invoke(NativeMethodAccessorImpl.java:62)
	at sun.reflect.DelegatingMethodAccessorImpl.invoke(DelegatingMethodAccessorImpl.java:43)
	at java.lang.reflect.Method.invoke(Method.java:498)
	at org.apache.catalina.startup.Bootstrap.load(Bootstrap.java:309)
	at org.apache.catalina.startup.Bootstrap.main(Bootstrap.java:492)
Caused by: org.apache.catalina.LifecycleException: Protocol handler initialization failed
	at org.apache.catalina.connector.Connector.initInternal(Connector.java:995)
	at org.apache.catalina.util.LifecycleBase.init(LifecycleBase.java:107)
	... 12 more
Caused by: java.net.BindException: Address already in use: bind
	at sun.nio.ch.Net.bind0(Native Method)
	at sun.nio.ch.Net.bind(Net.java:433)
	at sun.nio.ch.Net.bind(Net.java:425)
	at sun.nio.ch.ServerSocketChannelImpl.bind(ServerSocketChannelImpl.java:223)
	at sun.nio.ch.ServerSocketAdaptor.bind(ServerSocketAdaptor.java:74)
	at org.apache.tomcat.util.net.NioEndpoint.bind(NioEndpoint.java:219)
	at org.apache.tomcat.util.net.AbstractEndpoint.init(AbstractEndpoint.java:1105)
	at org.apache.tomcat.util.net.AbstractJsseEndpoint.init(AbstractJsseEndpoint.java:224)
	at org.apache.coyote.AbstractProtocol.init(AbstractProtocol.java:581)
	at org.apache.catalina.connector.Connector.initInternal(Connector.java:993)
	... 13 more

19-Jun-2019 15:06:17.321 정보 [main] org.apache.catalina.startup.Catalina.load Initialization processed in 554 ms
19-Jun-2019 15:06:17.352 정보 [main] org.apache.catalina.core.StandardService.startInternal Starting service [Catalina]
19-Jun-2019 15:06:17.352 정보 [main] org.apache.catalina.core.StandardEngine.startInternal Starting Servlet Engine: Apache Tomcat/8.5.40
19-Jun-2019 15:06:17.914 정보 [localhost-startStop-1] org.apache.jasper.servlet.TldScanner.scanJars At least one JAR was scanned for TLDs yet contained no TLDs. Enable debug logging for this logger for a complete list of JARs that were scanned but no TLDs were found in them. Skipping unneeded JARs during scanning can improve startup time and JSP compilation time.
19-Jun-2019 15:06:18.007 정보 [localhost-startStop-1] org.apache.catalina.startup.HostConfig.deployWAR Deploying web application archive [C:\Program Files\Java\apache-tomcat-8.5.40\webapps\JDBC_0614.war]
19-Jun-2019 15:06:18.350 정보 [localhost-startStop-1] org.apache.jasper.servlet.TldScanner.scanJars At least one JAR was scanned for TLDs yet contained no TLDs. Enable debug logging for this logger for a complete list of JARs that were scanned but no TLDs were found in them. Skipping unneeded JARs during scanning can improve startup time and JSP compilation time.
19-Jun-2019 15:06:18.366 정보 [localhost-startStop-1] org.apache.catalina.startup.HostConfig.deployWAR Deployment of web application archive [C:\Program Files\Java\apache-tomcat-8.5.40\webapps\JDBC_0614.war] has finished in [359] ms
19-Jun-2019 15:06:18.366 정보 [localhost-startStop-1] org.apache.catalina.startup.HostConfig.deployDirectory Deploying web application directory [C:\Program Files\Java\apache-tomcat-8.5.40\webapps\docs]
19-Jun-2019 15:06:18.397 정보 [localhost-startStop-1] org.apache.catalina.startup.HostConfig.deployDirectory Deployment of web application directory [C:\Program Files\Java\apache-tomcat-8.5.40\webapps\docs] has finished in [31] ms
19-Jun-2019 15:06:18.397 정보 [localhost-startStop-1] org.apache.catalina.startup.HostConfig.deployDirectory Deploying web application directory [C:\Program Files\Java\apache-tomcat-8.5.40\webapps\examples]
19-Jun-2019 15:06:18.600 정보 [localhost-startStop-1] org.apache.catalina.startup.HostConfig.deployDirectory Deployment of web application directory [C:\Program Files\Java\apache-tomcat-8.5.40\webapps\examples] has finished in [203] ms
19-Jun-2019 15:06:18.600 정보 [localhost-startStop-1] org.apache.catalina.startup.HostConfig.deployDirectory Deploying web application directory [C:\Program Files\Java\apache-tomcat-8.5.40\webapps\host-manager]
19-Jun-2019 15:06:18.616 정보 [localhost-startStop-1] org.apache.catalina.startup.HostConfig.deployDirectory Deployment of web application directory [C:\Program Files\Java\apache-tomcat-8.5.40\webapps\host-manager] has finished in [16] ms
19-Jun-2019 15:06:18.631 정보 [localhost-startStop-1] org.apache.catalina.startup.HostConfig.deployDirectory Deploying web application directory [C:\Program Files\Java\apache-tomcat-8.5.40\webapps\manager]
19-Jun-2019 15:06:18.647 정보 [localhost-startStop-1] org.apache.catalina.startup.HostConfig.deployDirectory Deployment of web application directory [C:\Program Files\Java\apache-tomcat-8.5.40\webapps\manager] has finished in [16] ms
19-Jun-2019 15:06:18.647 정보 [main] org.apache.catalina.startup.Catalina.start Server startup in 1332 ms
19-Jun-2019 15:06:18.647 심각 [main] org.apache.catalina.core.StandardServer.await StandardServer.await: create[localhost:8005]: 
 java.net.BindException: Address already in use: JVM_Bind
	at java.net.DualStackPlainSocketImpl.bind0(Native Method)
	at java.net.DualStackPlainSocketImpl.socketBind(DualStackPlainSocketImpl.java:106)
	at java.net.AbstractPlainSocketImpl.bind(AbstractPlainSocketImpl.java:387)
	at java.net.PlainSocketImpl.bind(PlainSocketImpl.java:190)
	at java.net.ServerSocket.bind(ServerSocket.java:375)
	at java.net.ServerSocket.<init>(ServerSocket.java:237)
	at org.apache.catalina.core.StandardServer.await(StandardServer.java:440)
	at org.apache.catalina.startup.Catalina.await(Catalina.java:776)
	at org.apache.catalina.startup.Catalina.start(Catalina.java:722)
	at sun.reflect.NativeMethodAccessorImpl.invoke0(Native Method)
	at sun.reflect.NativeMethodAccessorImpl.invoke(NativeMethodAccessorImpl.java:62)
	at sun.reflect.DelegatingMethodAccessorImpl.invoke(DelegatingMethodAccessorImpl.java:43)
	at java.lang.reflect.Method.invoke(Method.java:498)
	at org.apache.catalina.startup.Bootstrap.start(Bootstrap.java:353)
	at org.apache.catalina.startup.Bootstrap.main(Bootstrap.java:493)

19-Jun-2019 15:06:18.647 정보 [main] org.apache.coyote.AbstractProtocol.pause Pausing ProtocolHandler ["http-nio-8080"]
19-Jun-2019 15:06:18.647 정보 [main] org.apache.coyote.AbstractProtocol.pause Pausing ProtocolHandler ["ajp-nio-8009"]
19-Jun-2019 15:06:18.647 정보 [main] org.apache.catalina.core.StandardService.stopInternal Stopping service [Catalina]
19-Jun-2019 15:06:18.678 정보 [main] org.apache.coyote.AbstractProtocol.stop Stopping ProtocolHandler ["http-nio-8080"]
19-Jun-2019 15:06:18.678 정보 [main] org.apache.coyote.AbstractProtocol.destroy Destroying ProtocolHandler ["http-nio-8080"]
19-Jun-2019 15:06:18.678 정보 [main] org.apache.coyote.AbstractProtocol.stop Stopping ProtocolHandler ["ajp-nio-8009"]
19-Jun-2019 15:06:18.678 정보 [main] org.apache.coyote.AbstractProtocol.destroy Destroying ProtocolHandler ["ajp-nio-8009"]
19-Jun-2019 15:06:41.287 경고 [main] org.apache.catalina.core.StandardContext.setPath A context path must either be an empty string or start with a '/' and do not end with a '/'. The path [/] does not meet these criteria and has been changed to []
19-Jun-2019 15:06:41.302 정보 [main] org.apache.catalina.startup.VersionLoggerListener.log Server version:        Apache Tomcat/8.5.40
19-Jun-2019 15:06:41.302 정보 [main] org.apache.catalina.startup.VersionLoggerListener.log Server built:          Apr 10 2019 14:31:19 UTC
19-Jun-2019 15:06:41.318 정보 [main] org.apache.catalina.startup.VersionLoggerListener.log Server number:         8.5.40.0
19-Jun-2019 15:06:41.318 정보 [main] org.apache.catalina.startup.VersionLoggerListener.log OS Name:               Windows 7
19-Jun-2019 15:06:41.318 정보 [main] org.apache.catalina.startup.VersionLoggerListener.log OS Version:            6.1
19-Jun-2019 15:06:41.318 정보 [main] org.apache.catalina.startup.VersionLoggerListener.log Architecture:          amd64
19-Jun-2019 15:06:41.318 정보 [main] org.apache.catalina.startup.VersionLoggerListener.log Java Home:             C:\Program Files\Java\jdk1.8.0_171\jre
19-Jun-2019 15:06:41.318 정보 [main] org.apache.catalina.startup.VersionLoggerListener.log JVM Version:           1.8.0_171-b11
19-Jun-2019 15:06:41.318 정보 [main] org.apache.catalina.startup.VersionLoggerListener.log JVM Vendor:            Oracle Corporation
19-Jun-2019 15:06:41.318 정보 [main] org.apache.catalina.startup.VersionLoggerListener.log CATALINA_BASE:         C:\Program Files\Java\apache-tomcat-8.5.40
19-Jun-2019 15:06:41.318 정보 [main] org.apache.catalina.startup.VersionLoggerListener.log CATALINA_HOME:         C:\Program Files\Java\apache-tomcat-8.5.40
19-Jun-2019 15:06:41.318 정보 [main] org.apache.catalina.startup.VersionLoggerListener.log Command line argument: -Djava.util.logging.config.file=C:\Program Files\Java\apache-tomcat-8.5.40\conf\logging.properties
19-Jun-2019 15:06:41.318 정보 [main] org.apache.catalina.startup.VersionLoggerListener.log Command line argument: -Djava.util.logging.manager=org.apache.juli.ClassLoaderLogManager
19-Jun-2019 15:06:41.318 정보 [main] org.apache.catalina.startup.VersionLoggerListener.log Command line argument: -Djdk.tls.ephemeralDHKeySize=2048
19-Jun-2019 15:06:41.318 정보 [main] org.apache.catalina.startup.VersionLoggerListener.log Command line argument: -Djava.protocol.handler.pkgs=org.apache.catalina.webresources
19-Jun-2019 15:06:41.318 정보 [main] org.apache.catalina.startup.VersionLoggerListener.log Command line argument: -Dignore.endorsed.dirs=
19-Jun-2019 15:06:41.318 정보 [main] org.apache.catalina.startup.VersionLoggerListener.log Command line argument: -Dcatalina.base=C:\Program Files\Java\apache-tomcat-8.5.40
19-Jun-2019 15:06:41.318 정보 [main] org.apache.catalina.startup.VersionLoggerListener.log Command line argument: -Dcatalina.home=C:\Program Files\Java\apache-tomcat-8.5.40
19-Jun-2019 15:06:41.318 정보 [main] org.apache.catalina.startup.VersionLoggerListener.log Command line argument: -Djava.io.tmpdir=C:\Program Files\Java\apache-tomcat-8.5.40\temp
19-Jun-2019 15:06:41.333 정보 [main] org.apache.catalina.core.AprLifecycleListener.lifecycleEvent The APR based Apache Tomcat Native library which allows optimal performance in production environments was not found on the java.library.path: [C:\Program Files\Java\jdk1.8.0_171\bin;C:\Windows\Sun\Java\bin;C:\Windows\system32;C:\Windows;E:\app\JSLHRD\product\11.2.0\dbhome_1\bin;E:\web_it\jsl_27\php\Apache24\bin;C:\Program Files\MySQL\MySQL Server 5.6\bin;C:\Program Files\Java\jdk1.8.0_171\bin;C:\Program Files (x86)\Common Files\Oracle\Java\javapath;C:\Program Files (x86)\Intel\iCLS Client\;C:\Program Files\Intel\iCLS Client\;C:\Windows\system32;C:\Windows;C:\Windows\System32\Wbem;C:\Windows\System32\WindowsPowerShell\v1.0\;C:\Program Files\Intel\Intel(R) Management Engine Components\DAL;C:\Program Files\Intel\Intel(R) Management Engine Components\IPT;C:\Program Files (x86)\Intel\Intel(R) Management Engine Components\DAL;C:\Program Files (x86)\Intel\Intel(R) Management Engine Components\IPT;C:\Program Files (x86)\MySQL\MySQL Utilities 1.6\;C:\Program Files\Git\cmd;C:\Program Files\PuTTY\;C:\Users\JSLHRD\AppData\Local\Programs\Python\Python37-32\Scripts\;C:\Users\JSLHRD\AppData\Local\Programs\Python\Python37-32\;C:\Users\JSLHRD\AppData\Local\Programs\Microsoft VS Code\bin;C:\Users\JSLHRD\AppData\Local\GitHubDesktop\bin;.]
19-Jun-2019 15:06:41.521 정보 [main] org.apache.coyote.AbstractProtocol.init Initializing ProtocolHandler ["http-nio-8080"]
19-Jun-2019 15:06:41.645 정보 [main] org.apache.tomcat.util.net.NioSelectorPool.getSharedSelector Using a shared selector for servlet write/read
19-Jun-2019 15:06:41.645 정보 [main] org.apache.coyote.AbstractProtocol.init Initializing ProtocolHandler ["ajp-nio-8009"]
19-Jun-2019 15:06:41.645 정보 [main] org.apache.tomcat.util.net.NioSelectorPool.getSharedSelector Using a shared selector for servlet write/read
19-Jun-2019 15:06:41.661 정보 [main] org.apache.catalina.startup.Catalina.load Initialization processed in 776 ms
19-Jun-2019 15:06:41.677 정보 [main] org.apache.catalina.core.StandardService.startInternal Starting service [Catalina]
19-Jun-2019 15:06:41.677 정보 [main] org.apache.catalina.core.StandardEngine.startInternal Starting Servlet Engine: Apache Tomcat/8.5.40
19-Jun-2019 15:06:42.363 정보 [localhost-startStop-1] org.apache.jasper.servlet.TldScanner.scanJars At least one JAR was scanned for TLDs yet contained no TLDs. Enable debug logging for this logger for a complete list of JARs that were scanned but no TLDs were found in them. Skipping unneeded JARs during scanning can improve startup time and JSP compilation time.
19-Jun-2019 15:06:42.425 정보 [localhost-startStop-1] org.apache.catalina.startup.HostConfig.deployWAR Deploying web application archive [C:\Program Files\Java\apache-tomcat-8.5.40\webapps\JDBC_0614.war]
19-Jun-2019 15:06:42.815 정보 [localhost-startStop-1] org.apache.jasper.servlet.TldScanner.scanJars At least one JAR was scanned for TLDs yet contained no TLDs. Enable debug logging for this logger for a complete list of JARs that were scanned but no TLDs were found in them. Skipping unneeded JARs during scanning can improve startup time and JSP compilation time.
19-Jun-2019 15:06:42.847 정보 [localhost-startStop-1] org.apache.catalina.startup.HostConfig.deployWAR Deployment of web application archive [C:\Program Files\Java\apache-tomcat-8.5.40\webapps\JDBC_0614.war] has finished in [406] ms
19-Jun-2019 15:06:42.847 정보 [localhost-startStop-1] org.apache.catalina.startup.HostConfig.deployDirectory Deploying web application directory [C:\Program Files\Java\apache-tomcat-8.5.40\webapps\docs]
19-Jun-2019 15:06:42.862 정보 [localhost-startStop-1] org.apache.catalina.startup.HostConfig.deployDirectory Deployment of web application directory [C:\Program Files\Java\apache-tomcat-8.5.40\webapps\docs] has finished in [15] ms
19-Jun-2019 15:06:42.862 정보 [localhost-startStop-1] org.apache.catalina.startup.HostConfig.deployDirectory Deploying web application directory [C:\Program Files\Java\apache-tomcat-8.5.40\webapps\examples]
19-Jun-2019 15:06:43.081 정보 [localhost-startStop-1] org.apache.catalina.startup.HostConfig.deployDirectory Deployment of web application directory [C:\Program Files\Java\apache-tomcat-8.5.40\webapps\examples] has finished in [219] ms
19-Jun-2019 15:06:43.081 정보 [localhost-startStop-1] org.apache.catalina.startup.HostConfig.deployDirectory Deploying web application directory [C:\Program Files\Java\apache-tomcat-8.5.40\webapps\host-manager]
19-Jun-2019 15:06:43.112 정보 [localhost-startStop-1] org.apache.catalina.startup.HostConfig.deployDirectory Deployment of web application directory [C:\Program Files\Java\apache-tomcat-8.5.40\webapps\host-manager] has finished in [31] ms
19-Jun-2019 15:06:43.127 정보 [localhost-startStop-1] org.apache.catalina.startup.HostConfig.deployDirectory Deploying web application directory [C:\Program Files\Java\apache-tomcat-8.5.40\webapps\manager]
19-Jun-2019 15:06:43.143 정보 [localhost-startStop-1] org.apache.catalina.startup.HostConfig.deployDirectory Deployment of web application directory [C:\Program Files\Java\apache-tomcat-8.5.40\webapps\manager] has finished in [16] ms
19-Jun-2019 15:06:43.159 정보 [main] org.apache.coyote.AbstractProtocol.start Starting ProtocolHandler ["http-nio-8080"]
19-Jun-2019 15:06:43.174 정보 [main] org.apache.coyote.AbstractProtocol.start Starting ProtocolHandler ["ajp-nio-8009"]
19-Jun-2019 15:06:43.174 정보 [main] org.apache.catalina.startup.Catalina.start Server startup in 1516 ms
19-Jun-2019 15:10:01.158 경고 [main] org.apache.catalina.core.StandardContext.setPath A context path must either be an empty string or start with a '/' and do not end with a '/'. The path [/] does not meet these criteria and has been changed to []
19-Jun-2019 15:10:01.173 정보 [main] org.apache.catalina.startup.VersionLoggerListener.log Server version:        Apache Tomcat/8.5.40
19-Jun-2019 15:10:01.173 정보 [main] org.apache.catalina.startup.VersionLoggerListener.log Server built:          Apr 10 2019 14:31:19 UTC
19-Jun-2019 15:10:01.173 정보 [main] org.apache.catalina.startup.VersionLoggerListener.log Server number:         8.5.40.0
19-Jun-2019 15:10:01.173 정보 [main] org.apache.catalina.startup.VersionLoggerListener.log OS Name:               Windows 7
19-Jun-2019 15:10:01.173 정보 [main] org.apache.catalina.startup.VersionLoggerListener.log OS Version:            6.1
19-Jun-2019 15:10:01.173 정보 [main] org.apache.catalina.startup.VersionLoggerListener.log Architecture:          amd64
19-Jun-2019 15:10:01.173 정보 [main] org.apache.catalina.startup.VersionLoggerListener.log Java Home:             C:\Program Files\Java\jdk1.8.0_171\jre
19-Jun-2019 15:10:01.173 정보 [main] org.apache.catalina.startup.VersionLoggerListener.log JVM Version:           1.8.0_171-b11
19-Jun-2019 15:10:01.173 정보 [main] org.apache.catalina.startup.VersionLoggerListener.log JVM Vendor:            Oracle Corporation
19-Jun-2019 15:10:01.173 정보 [main] org.apache.catalina.startup.VersionLoggerListener.log CATALINA_BASE:         C:\Program Files\Java\apache-tomcat-8.5.40
19-Jun-2019 15:10:01.173 정보 [main] org.apache.catalina.startup.VersionLoggerListener.log CATALINA_HOME:         C:\Program Files\Java\apache-tomcat-8.5.40
19-Jun-2019 15:10:01.173 정보 [main] org.apache.catalina.startup.VersionLoggerListener.log Command line argument: -Djava.util.logging.config.file=C:\Program Files\Java\apache-tomcat-8.5.40\conf\logging.properties
19-Jun-2019 15:10:01.189 정보 [main] org.apache.catalina.startup.VersionLoggerListener.log Command line argument: -Djava.util.logging.manager=org.apache.juli.ClassLoaderLogManager
19-Jun-2019 15:10:01.189 정보 [main] org.apache.catalina.startup.VersionLoggerListener.log Command line argument: -Djdk.tls.ephemeralDHKeySize=2048
19-Jun-2019 15:10:01.189 정보 [main] org.apache.catalina.startup.VersionLoggerListener.log Command line argument: -Djava.protocol.handler.pkgs=org.apache.catalina.webresources
19-Jun-2019 15:10:01.189 정보 [main] org.apache.catalina.startup.VersionLoggerListener.log Command line argument: -Dignore.endorsed.dirs=
19-Jun-2019 15:10:01.189 정보 [main] org.apache.catalina.startup.VersionLoggerListener.log Command line argument: -Dcatalina.base=C:\Program Files\Java\apache-tomcat-8.5.40
19-Jun-2019 15:10:01.189 정보 [main] org.apache.catalina.startup.VersionLoggerListener.log Command line argument: -Dcatalina.home=C:\Program Files\Java\apache-tomcat-8.5.40
19-Jun-2019 15:10:01.189 정보 [main] org.apache.catalina.startup.VersionLoggerListener.log Command line argument: -Djava.io.tmpdir=C:\Program Files\Java\apache-tomcat-8.5.40\temp
19-Jun-2019 15:10:01.189 정보 [main] org.apache.catalina.core.AprLifecycleListener.lifecycleEvent The APR based Apache Tomcat Native library which allows optimal performance in production environments was not found on the java.library.path: [C:\Program Files\Java\jdk1.8.0_171\bin;C:\Windows\Sun\Java\bin;C:\Windows\system32;C:\Windows;E:\app\JSLHRD\product\11.2.0\dbhome_1\bin;E:\web_it\jsl_27\php\Apache24\bin;C:\Program Files\MySQL\MySQL Server 5.6\bin;C:\Program Files\Java\jdk1.8.0_171\bin;C:\Program Files (x86)\Common Files\Oracle\Java\javapath;C:\Program Files (x86)\Intel\iCLS Client\;C:\Program Files\Intel\iCLS Client\;C:\Windows\system32;C:\Windows;C:\Windows\System32\Wbem;C:\Windows\System32\WindowsPowerShell\v1.0\;C:\Program Files\Intel\Intel(R) Management Engine Components\DAL;C:\Program Files\Intel\Intel(R) Management Engine Components\IPT;C:\Program Files (x86)\Intel\Intel(R) Management Engine Components\DAL;C:\Program Files (x86)\Intel\Intel(R) Management Engine Components\IPT;C:\Program Files (x86)\MySQL\MySQL Utilities 1.6\;C:\Program Files\Git\cmd;C:\Program Files\PuTTY\;C:\Users\JSLHRD\AppData\Local\Programs\Python\Python37-32\Scripts\;C:\Users\JSLHRD\AppData\Local\Programs\Python\Python37-32\;C:\Users\JSLHRD\AppData\Local\Programs\Microsoft VS Code\bin;C:\Users\JSLHRD\AppData\Local\GitHubDesktop\bin;.]
19-Jun-2019 15:10:01.329 정보 [main] org.apache.coyote.AbstractProtocol.init Initializing ProtocolHandler ["http-nio-8080"]
19-Jun-2019 15:10:01.423 정보 [main] org.apache.tomcat.util.net.NioSelectorPool.getSharedSelector Using a shared selector for servlet write/read
19-Jun-2019 15:10:01.438 정보 [main] org.apache.coyote.AbstractProtocol.init Initializing ProtocolHandler ["ajp-nio-8009"]
19-Jun-2019 15:10:01.454 정보 [main] org.apache.tomcat.util.net.NioSelectorPool.getSharedSelector Using a shared selector for servlet write/read
19-Jun-2019 15:10:01.454 정보 [main] org.apache.catalina.startup.Catalina.load Initialization processed in 821 ms
19-Jun-2019 15:10:01.470 정보 [main] org.apache.catalina.core.StandardService.startInternal Starting service [Catalina]
19-Jun-2019 15:10:01.470 정보 [main] org.apache.catalina.core.StandardEngine.startInternal Starting Servlet Engine: Apache Tomcat/8.5.40
19-Jun-2019 15:10:02.140 정보 [localhost-startStop-1] org.apache.jasper.servlet.TldScanner.scanJars At least one JAR was scanned for TLDs yet contained no TLDs. Enable debug logging for this logger for a complete list of JARs that were scanned but no TLDs were found in them. Skipping unneeded JARs during scanning can improve startup time and JSP compilation time.
19-Jun-2019 15:10:02.218 정보 [localhost-startStop-1] org.apache.catalina.startup.HostConfig.deployWAR Deploying web application archive [C:\Program Files\Java\apache-tomcat-8.5.40\webapps\JDBC_0614.war]
19-Jun-2019 15:10:02.577 정보 [localhost-startStop-1] org.apache.jasper.servlet.TldScanner.scanJars At least one JAR was scanned for TLDs yet contained no TLDs. Enable debug logging for this logger for a complete list of JARs that were scanned but no TLDs were found in them. Skipping unneeded JARs during scanning can improve startup time and JSP compilation time.
19-Jun-2019 15:10:02.593 정보 [localhost-startStop-1] org.apache.catalina.startup.HostConfig.deployWAR Deployment of web application archive [C:\Program Files\Java\apache-tomcat-8.5.40\webapps\JDBC_0614.war] has finished in [375] ms
19-Jun-2019 15:10:02.593 정보 [localhost-startStop-1] org.apache.catalina.startup.HostConfig.deployDirectory Deploying web application directory [C:\Program Files\Java\apache-tomcat-8.5.40\webapps\docs]
19-Jun-2019 15:10:02.624 정보 [localhost-startStop-1] org.apache.catalina.startup.HostConfig.deployDirectory Deployment of web application directory [C:\Program Files\Java\apache-tomcat-8.5.40\webapps\docs] has finished in [31] ms
19-Jun-2019 15:10:02.624 정보 [localhost-startStop-1] org.apache.catalina.startup.HostConfig.deployDirectory Deploying web application directory [C:\Program Files\Java\apache-tomcat-8.5.40\webapps\examples]
19-Jun-2019 15:10:02.858 정보 [localhost-startStop-1] org.apache.catalina.startup.HostConfig.deployDirectory Deployment of web application directory [C:\Program Files\Java\apache-tomcat-8.5.40\webapps\examples] has finished in [234] ms
19-Jun-2019 15:10:02.874 정보 [localhost-startStop-1] org.apache.catalina.startup.HostConfig.deployDirectory Deploying web application directory [C:\Program Files\Java\apache-tomcat-8.5.40\webapps\host-manager]
19-Jun-2019 15:10:02.889 정보 [localhost-startStop-1] org.apache.catalina.startup.HostConfig.deployDirectory Deployment of web application directory [C:\Program Files\Java\apache-tomcat-8.5.40\webapps\host-manager] has finished in [15] ms
19-Jun-2019 15:10:02.889 정보 [localhost-startStop-1] org.apache.catalina.startup.HostConfig.deployDirectory Deploying web application directory [C:\Program Files\Java\apache-tomcat-8.5.40\webapps\manager]
19-Jun-2019 15:10:02.920 정보 [localhost-startStop-1] org.apache.catalina.startup.HostConfig.deployDirectory Deployment of web application directory [C:\Program Files\Java\apache-tomcat-8.5.40\webapps\manager] has finished in [31] ms
19-Jun-2019 15:10:02.936 정보 [main] org.apache.coyote.AbstractProtocol.start Starting ProtocolHandler ["http-nio-8080"]
19-Jun-2019 15:10:02.952 정보 [main] org.apache.coyote.AbstractProtocol.start Starting ProtocolHandler ["ajp-nio-8009"]
19-Jun-2019 15:10:02.952 정보 [main] org.apache.catalina.startup.Catalina.start Server startup in 1498 ms
19-Jun-2019 15:17:45.915 경고 [main] org.apache.tomcat.util.digester.Digester.endElement   No rules found matching 'Server/Service/Engine/Host/Resource'.
19-Jun-2019 15:17:45.931 정보 [main] org.apache.catalina.startup.VersionLoggerListener.log Server version:        Apache Tomcat/8.5.40
19-Jun-2019 15:17:45.931 정보 [main] org.apache.catalina.startup.VersionLoggerListener.log Server built:          Apr 10 2019 14:31:19 UTC
19-Jun-2019 15:17:45.931 정보 [main] org.apache.catalina.startup.VersionLoggerListener.log Server number:         8.5.40.0
19-Jun-2019 15:17:45.931 정보 [main] org.apache.catalina.startup.VersionLoggerListener.log OS Name:               Windows 7
19-Jun-2019 15:17:45.931 정보 [main] org.apache.catalina.startup.VersionLoggerListener.log OS Version:            6.1
19-Jun-2019 15:17:45.931 정보 [main] org.apache.catalina.startup.VersionLoggerListener.log Architecture:          amd64
19-Jun-2019 15:17:45.946 정보 [main] org.apache.catalina.startup.VersionLoggerListener.log Java Home:             C:\Program Files\Java\jdk1.8.0_171\jre
19-Jun-2019 15:17:45.946 정보 [main] org.apache.catalina.startup.VersionLoggerListener.log JVM Version:           1.8.0_171-b11
19-Jun-2019 15:17:45.946 정보 [main] org.apache.catalina.startup.VersionLoggerListener.log JVM Vendor:            Oracle Corporation
19-Jun-2019 15:17:45.946 정보 [main] org.apache.catalina.startup.VersionLoggerListener.log CATALINA_BASE:         C:\Program Files\Java\apache-tomcat-8.5.40
19-Jun-2019 15:17:45.946 정보 [main] org.apache.catalina.startup.VersionLoggerListener.log CATALINA_HOME:         C:\Program Files\Java\apache-tomcat-8.5.40
19-Jun-2019 15:17:45.946 정보 [main] org.apache.catalina.startup.VersionLoggerListener.log Command line argument: -Djava.util.logging.config.file=C:\Program Files\Java\apache-tomcat-8.5.40\conf\logging.properties
19-Jun-2019 15:17:45.946 정보 [main] org.apache.catalina.startup.VersionLoggerListener.log Command line argument: -Djava.util.logging.manager=org.apache.juli.ClassLoaderLogManager
19-Jun-2019 15:17:45.946 정보 [main] org.apache.catalina.startup.VersionLoggerListener.log Command line argument: -Djdk.tls.ephemeralDHKeySize=2048
19-Jun-2019 15:17:45.946 정보 [main] org.apache.catalina.startup.VersionLoggerListener.log Command line argument: -Djava.protocol.handler.pkgs=org.apache.catalina.webresources
19-Jun-2019 15:17:45.962 정보 [main] org.apache.catalina.startup.VersionLoggerListener.log Command line argument: -Dignore.endorsed.dirs=
19-Jun-2019 15:17:45.962 정보 [main] org.apache.catalina.startup.VersionLoggerListener.log Command line argument: -Dcatalina.base=C:\Program Files\Java\apache-tomcat-8.5.40
19-Jun-2019 15:17:45.962 정보 [main] org.apache.catalina.startup.VersionLoggerListener.log Command line argument: -Dcatalina.home=C:\Program Files\Java\apache-tomcat-8.5.40
19-Jun-2019 15:17:45.962 정보 [main] org.apache.catalina.startup.VersionLoggerListener.log Command line argument: -Djava.io.tmpdir=C:\Program Files\Java\apache-tomcat-8.5.40\temp
19-Jun-2019 15:17:45.962 정보 [main] org.apache.catalina.core.AprLifecycleListener.lifecycleEvent The APR based Apache Tomcat Native library which allows optimal performance in production environments was not found on the java.library.path: [C:\Program Files\Java\jdk1.8.0_171\bin;C:\Windows\Sun\Java\bin;C:\Windows\system32;C:\Windows;E:\app\JSLHRD\product\11.2.0\dbhome_1\bin;E:\web_it\jsl_27\php\Apache24\bin;C:\Program Files\MySQL\MySQL Server 5.6\bin;C:\Program Files\Java\jdk1.8.0_171\bin;C:\Program Files (x86)\Common Files\Oracle\Java\javapath;C:\Program Files (x86)\Intel\iCLS Client\;C:\Program Files\Intel\iCLS Client\;C:\Windows\system32;C:\Windows;C:\Windows\System32\Wbem;C:\Windows\System32\WindowsPowerShell\v1.0\;C:\Program Files\Intel\Intel(R) Management Engine Components\DAL;C:\Program Files\Intel\Intel(R) Management Engine Components\IPT;C:\Program Files (x86)\Intel\Intel(R) Management Engine Components\DAL;C:\Program Files (x86)\Intel\Intel(R) Management Engine Components\IPT;C:\Program Files (x86)\MySQL\MySQL Utilities 1.6\;C:\Program Files\Git\cmd;C:\Program Files\PuTTY\;C:\Users\JSLHRD\AppData\Local\Programs\Python\Python37-32\Scripts\;C:\Users\JSLHRD\AppData\Local\Programs\Python\Python37-32\;C:\Users\JSLHRD\AppData\Local\Programs\Microsoft VS Code\bin;C:\Users\JSLHRD\AppData\Local\GitHubDesktop\bin;.]
19-Jun-2019 15:17:46.149 정보 [main] org.apache.coyote.AbstractProtocol.init Initializing ProtocolHandler ["http-nio-8080"]
19-Jun-2019 15:17:46.243 정보 [main] org.apache.tomcat.util.net.NioSelectorPool.getSharedSelector Using a shared selector for servlet write/read
19-Jun-2019 15:17:46.274 정보 [main] org.apache.coyote.AbstractProtocol.init Initializing ProtocolHandler ["ajp-nio-8009"]
19-Jun-2019 15:17:46.274 정보 [main] org.apache.tomcat.util.net.NioSelectorPool.getSharedSelector Using a shared selector for servlet write/read
19-Jun-2019 15:17:46.274 정보 [main] org.apache.catalina.startup.Catalina.load Initialization processed in 827 ms
19-Jun-2019 15:17:46.305 정보 [main] org.apache.catalina.core.StandardService.startInternal Starting service [Catalina]
19-Jun-2019 15:17:46.305 정보 [main] org.apache.catalina.core.StandardEngine.startInternal Starting Servlet Engine: Apache Tomcat/8.5.40
19-Jun-2019 15:17:46.336 정보 [localhost-startStop-1] org.apache.catalina.startup.HostConfig.deployWAR Deploying web application archive [C:\Program Files\Java\apache-tomcat-8.5.40\webapps\JDBC_0614.war]
19-Jun-2019 15:17:47.023 정보 [localhost-startStop-1] org.apache.jasper.servlet.TldScanner.scanJars At least one JAR was scanned for TLDs yet contained no TLDs. Enable debug logging for this logger for a complete list of JARs that were scanned but no TLDs were found in them. Skipping unneeded JARs during scanning can improve startup time and JSP compilation time.
19-Jun-2019 15:17:47.070 정보 [localhost-startStop-1] org.apache.catalina.startup.HostConfig.deployWAR Deployment of web application archive [C:\Program Files\Java\apache-tomcat-8.5.40\webapps\JDBC_0614.war] has finished in [734] ms
19-Jun-2019 15:17:47.070 정보 [localhost-startStop-1] org.apache.catalina.startup.HostConfig.deployDirectory Deploying web application directory [C:\Program Files\Java\apache-tomcat-8.5.40\webapps\docs]
19-Jun-2019 15:17:47.101 정보 [localhost-startStop-1] org.apache.catalina.startup.HostConfig.deployDirectory Deployment of web application directory [C:\Program Files\Java\apache-tomcat-8.5.40\webapps\docs] has finished in [31] ms
19-Jun-2019 15:17:47.101 정보 [localhost-startStop-1] org.apache.catalina.startup.HostConfig.deployDirectory Deploying web application directory [C:\Program Files\Java\apache-tomcat-8.5.40\webapps\examples]
19-Jun-2019 15:17:47.366 정보 [localhost-startStop-1] org.apache.catalina.startup.HostConfig.deployDirectory Deployment of web application directory [C:\Program Files\Java\apache-tomcat-8.5.40\webapps\examples] has finished in [265] ms
19-Jun-2019 15:17:47.366 정보 [localhost-startStop-1] org.apache.catalina.startup.HostConfig.deployDirectory Deploying web application directory [C:\Program Files\Java\apache-tomcat-8.5.40\webapps\host-manager]
19-Jun-2019 15:17:47.397 정보 [localhost-startStop-1] org.apache.catalina.startup.HostConfig.deployDirectory Deployment of web application directory [C:\Program Files\Java\apache-tomcat-8.5.40\webapps\host-manager] has finished in [31] ms
19-Jun-2019 15:17:47.397 정보 [localhost-startStop-1] org.apache.catalina.startup.HostConfig.deployDirectory Deploying web application directory [C:\Program Files\Java\apache-tomcat-8.5.40\webapps\manager]
19-Jun-2019 15:17:47.413 정보 [localhost-startStop-1] org.apache.catalina.startup.HostConfig.deployDirectory Deployment of web application directory [C:\Program Files\Java\apache-tomcat-8.5.40\webapps\manager] has finished in [16] ms
19-Jun-2019 15:17:47.413 정보 [localhost-startStop-1] org.apache.catalina.startup.HostConfig.deployDirectory Deploying web application directory [C:\Program Files\Java\apache-tomcat-8.5.40\webapps\ROOT]
19-Jun-2019 15:17:47.428 정보 [localhost-startStop-1] org.apache.catalina.startup.HostConfig.deployDirectory Deployment of web application directory [C:\Program Files\Java\apache-tomcat-8.5.40\webapps\ROOT] has finished in [15] ms
19-Jun-2019 15:17:47.444 정보 [main] org.apache.coyote.AbstractProtocol.start Starting ProtocolHandler ["http-nio-8080"]
19-Jun-2019 15:17:47.444 정보 [main] org.apache.coyote.AbstractProtocol.start Starting ProtocolHandler ["ajp-nio-8009"]
19-Jun-2019 15:17:47.460 정보 [main] org.apache.catalina.startup.Catalina.start Server startup in 1170 ms
